2025-04-19 19:41:51,629 - INFO - Processing feed: https://www.aljazeera.com/xml/rss/all.xml
2025-04-19 19:41:51,630 - INFO - [parse_feed] Using proxy: http://ujhjjggl-rotate:m0jkp47ga63w@p.webshare.io:80
2025-04-19 19:41:51,630 - INFO - Using provided session in parse_feed
2025-04-19 19:41:51,631 - INFO - Processing feed: https://www.cbsnews.com/latest/rss/main
2025-04-19 19:41:51,631 - INFO - [parse_feed] Using proxy: http://ujhjjggl-rotate:m0jkp47ga63w@p.webshare.io:80
2025-04-19 19:41:51,631 - INFO - Using provided session in parse_feed
2025-04-19 19:41:51,632 - INFO - Processing feed: https://www.theguardian.com/us-news/rss
2025-04-19 19:41:51,633 - INFO - [parse_feed] Using proxy: http://ujhjjggl-rotate:m0jkp47ga63w@p.webshare.io:80
2025-04-19 19:41:51,633 - INFO - Using provided session in parse_feed
2025-04-19 19:41:51,636 - INFO - Processing feed: https://www.latimes.com/world/rss2.0.xml
2025-04-19 19:41:51,636 - INFO - [parse_feed] Using proxy: http://ujhjjggl-rotate:m0jkp47ga63w@p.webshare.io:80
2025-04-19 19:41:51,636 - INFO - Using provided session in parse_feed
2025-04-19 19:41:51,637 - INFO - Processing feed: https://mashable.com/feeds/rss/all
2025-04-19 19:41:51,638 - INFO - [parse_feed] Using proxy: http://ujhjjggl-rotate:m0jkp47ga63w@p.webshare.io:80
2025-04-19 19:41:51,638 - INFO - Using provided session in parse_feed
2025-04-19 19:41:51,639 - INFO - Processing feed: https://www.theverge.com/rss/index.xml
2025-04-19 19:41:51,639 - INFO - [parse_feed] Using proxy: http://ujhjjggl-rotate:m0jkp47ga63w@p.webshare.io:80
2025-04-19 19:41:51,639 - INFO - Using provided session in parse_feed
2025-04-19 19:41:51,640 - INFO - Processing feed: https://indianexpress.com/feed/
2025-04-19 19:41:51,640 - INFO - [parse_feed] Using proxy: http://ujhjjggl-rotate:m0jkp47ga63w@p.webshare.io:80
2025-04-19 19:41:51,640 - INFO - Using provided session in parse_feed
2025-04-19 19:41:51,820 - ERROR - Error parsing feed https://www.theverge.com/rss/index.xml: 400, message='Can not decode content-encoding: brotli (br). Please install `Brotli`', url='https://www.theverge.com/rss/index.xml'
2025-04-19 19:41:51,820 - ERROR - Failed to process feed https://www.theverge.com/rss/index.xml: 400, message='Can not decode content-encoding: brotli (br). Please install `Brotli`', url='https://www.theverge.com/rss/index.xml'
2025-04-19 19:41:51,906 - ERROR - Failed to fetch RSS feed https://indianexpress.com/feed/. Status: 403
2025-04-19 19:41:51,906 - ERROR - Failed to process feed https://indianexpress.com/feed/: Failed to fetch RSS feed. Status: 403
2025-04-19 19:41:51,942 - INFO - Created new feed: https://www.aljazeera.com/xml/rss/all.xml with ID: 6803e05fd0afe879a590f769
2025-04-19 19:41:51,956 - INFO - Created new feed: https://www.theguardian.com/us-news/rss with ID: 6803e05fd0afe879a590f76a
2025-04-19 19:41:51,971 - INFO - Created new feed: https://www.cbsnews.com/latest/rss/main with ID: 6803e05fd0afe879a590f76b
2025-04-19 19:41:52,001 - INFO - Inserted 35 articles.
2025-04-19 19:41:52,015 - INFO - Inserted 25 articles.
2025-04-19 19:41:52,017 - INFO - Inserted 30 articles.
2025-04-19 19:41:52,081 - INFO - Created new feed: https://www.latimes.com/world/rss2.0.xml with ID: 6803e060d0afe879a590f7c6
2025-04-19 19:41:52,126 - INFO - Inserted 100 articles.
2025-04-19 19:41:52,472 - ERROR - Error parsing feed https://mashable.com/feeds/rss/all: 400, message='Can not decode content-encoding: brotli (br). Please install `Brotli`', url='https://mashable.com/feeds/rss/all'
2025-04-19 19:41:52,474 - ERROR - Failed to process feed https://mashable.com/feeds/rss/all: 400, message='Can not decode content-encoding: brotli (br). Please install `Brotli`', url='https://mashable.com/feeds/rss/all'
2025-04-19 19:42:50,346 - INFO - Processing feed: https://www.aljazeera.com/xml/rss/all.xml
2025-04-19 19:42:50,347 - INFO - [parse_feed] Using proxy: http://ujhjjggl-rotate:m0jkp47ga63w@p.webshare.io:80
2025-04-19 19:42:50,347 - INFO - Using provided session in parse_feed
2025-04-19 19:42:50,348 - INFO - Processing feed: https://www.cbsnews.com/latest/rss/main
2025-04-19 19:42:50,349 - INFO - [parse_feed] Using proxy: http://ujhjjggl-rotate:m0jkp47ga63w@p.webshare.io:80
2025-04-19 19:42:50,349 - INFO - Using provided session in parse_feed
2025-04-19 19:42:50,350 - INFO - Processing feed: https://www.theguardian.com/us-news/rss
2025-04-19 19:42:50,350 - INFO - [parse_feed] Using proxy: http://ujhjjggl-rotate:m0jkp47ga63w@p.webshare.io:80
2025-04-19 19:42:50,350 - INFO - Using provided session in parse_feed
2025-04-19 19:42:50,354 - INFO - Processing feed: https://www.latimes.com/world/rss2.0.xml
2025-04-19 19:42:50,354 - INFO - [parse_feed] Using proxy: http://ujhjjggl-rotate:m0jkp47ga63w@p.webshare.io:80
2025-04-19 19:42:50,354 - INFO - Using provided session in parse_feed
2025-04-19 19:42:50,355 - INFO - Processing feed: https://mashable.com/feeds/rss/all
2025-04-19 19:42:50,355 - INFO - [parse_feed] Using proxy: http://ujhjjggl-rotate:m0jkp47ga63w@p.webshare.io:80
2025-04-19 19:42:50,355 - INFO - Using provided session in parse_feed
2025-04-19 19:42:50,355 - INFO - Processing feed: https://www.theverge.com/rss/index.xml
2025-04-19 19:42:50,356 - INFO - [parse_feed] Using proxy: http://ujhjjggl-rotate:m0jkp47ga63w@p.webshare.io:80
2025-04-19 19:42:50,356 - INFO - Using provided session in parse_feed
2025-04-19 19:42:50,356 - INFO - Processing feed: https://indianexpress.com/feed/
2025-04-19 19:42:50,356 - INFO - [parse_feed] Using proxy: http://ujhjjggl-rotate:m0jkp47ga63w@p.webshare.io:80
2025-04-19 19:42:50,357 - INFO - Using provided session in parse_feed
2025-04-19 19:42:50,836 - INFO - Created new feed: https://www.theverge.com/rss/index.xml with ID: 6803e09aaf4d7269397d40e4
2025-04-19 19:42:50,894 - INFO - Inserted 10 articles.
2025-04-19 19:42:50,922 - ERROR - Failed to fetch RSS feed https://indianexpress.com/feed/. Status: 403
2025-04-19 19:42:50,924 - ERROR - Failed to process feed https://indianexpress.com/feed/: Failed to fetch RSS feed. Status: 403
2025-04-19 19:42:51,863 - INFO - Created new feed: https://mashable.com/feeds/rss/all with ID: 6803e09baf4d7269397d40ef
2025-04-19 19:42:51,959 - INFO - Inserted 100 articles.
2025-04-19 19:44:55,694 - INFO - Processing feed: https://www.aljazeera.com/xml/rss/all.xml
2025-04-19 19:44:55,695 - INFO - [parse_feed] Using proxy: http://ujhjjggl-rotate:m0jkp47ga63w@p.webshare.io:80
2025-04-19 19:44:55,695 - INFO - Using provided session in parse_feed
2025-04-19 19:44:55,696 - INFO - Processing feed: https://www.cbsnews.com/latest/rss/main
2025-04-19 19:44:55,696 - INFO - [parse_feed] Using proxy: http://ujhjjggl-rotate:m0jkp47ga63w@p.webshare.io:80
2025-04-19 19:44:55,696 - INFO - Using provided session in parse_feed
2025-04-19 19:44:55,697 - INFO - Processing feed: https://www.theguardian.com/us-news/rss
2025-04-19 19:44:55,697 - INFO - [parse_feed] Using proxy: http://ujhjjggl-rotate:m0jkp47ga63w@p.webshare.io:80
2025-04-19 19:44:55,697 - INFO - Using provided session in parse_feed
2025-04-19 19:44:55,700 - INFO - Processing feed: https://www.latimes.com/world/rss2.0.xml
2025-04-19 19:44:55,701 - INFO - [parse_feed] Using proxy: http://ujhjjggl-rotate:m0jkp47ga63w@p.webshare.io:80
2025-04-19 19:44:55,701 - INFO - Using provided session in parse_feed
2025-04-19 19:44:55,702 - INFO - Processing feed: https://mashable.com/feeds/rss/all
2025-04-19 19:44:55,702 - INFO - [parse_feed] Using proxy: http://ujhjjggl-rotate:m0jkp47ga63w@p.webshare.io:80
2025-04-19 19:44:55,702 - INFO - Using provided session in parse_feed
2025-04-19 19:44:55,703 - INFO - Processing feed: https://www.theverge.com/rss/index.xml
2025-04-19 19:44:55,703 - INFO - [parse_feed] Using proxy: http://ujhjjggl-rotate:m0jkp47ga63w@p.webshare.io:80
2025-04-19 19:44:55,704 - INFO - Using provided session in parse_feed
2025-04-19 19:44:55,998 - INFO - Created new feed: https://www.theguardian.com/us-news/rss with ID: 6803e117ed2626ea1d9f22be
2025-04-19 19:44:56,018 - INFO - Created new feed: https://www.cbsnews.com/latest/rss/main with ID: 6803e117ed2626ea1d9f22bf
2025-04-19 19:44:56,019 - INFO - Created new feed: https://www.theverge.com/rss/index.xml with ID: 6803e117ed2626ea1d9f22c0
2025-04-19 19:44:56,020 - INFO - Created new feed: https://www.aljazeera.com/xml/rss/all.xml with ID: 6803e117ed2626ea1d9f22c1
2025-04-19 19:44:56,113 - INFO - Created new feed: https://www.latimes.com/world/rss2.0.xml with ID: 6803e118ed2626ea1d9f2326
2025-04-19 19:44:56,151 - INFO - Inserted 30 articles.
2025-04-19 19:44:56,163 - INFO - Inserted 25 articles.
2025-04-19 19:44:56,164 - INFO - Inserted 10 articles.
2025-04-19 19:44:56,168 - INFO - Inserted 35 articles.
2025-04-19 19:44:56,175 - INFO - Inserted 100 articles.
2025-04-19 19:44:57,012 - INFO - Created new feed: https://mashable.com/feeds/rss/all with ID: 6803e119ed2626ea1d9f238b
2025-04-19 19:44:57,095 - INFO - Inserted 100 articles.
2025-04-19 19:45:51,662 - INFO - Processing feed: https://www.cbsnews.com/latest/rss/main
2025-04-19 19:45:51,662 - INFO - [parse_feed] Using proxy: http://ujhjjggl-rotate:m0jkp47ga63w@p.webshare.io:80
2025-04-19 19:45:51,663 - INFO - Using provided session in parse_feed
2025-04-19 19:45:51,664 - INFO - Processing feed: https://www.theguardian.com/us-news/rss
2025-04-19 19:45:51,664 - INFO - [parse_feed] Using proxy: http://ujhjjggl-rotate:m0jkp47ga63w@p.webshare.io:80
2025-04-19 19:45:51,664 - INFO - Using provided session in parse_feed
2025-04-19 19:45:51,665 - INFO - Processing feed: https://www.latimes.com/world/rss2.0.xml
2025-04-19 19:45:51,666 - INFO - [parse_feed] Using proxy: http://ujhjjggl-rotate:m0jkp47ga63w@p.webshare.io:80
2025-04-19 19:45:51,666 - INFO - Using provided session in parse_feed
2025-04-19 19:45:51,669 - INFO - Processing feed: https://mashable.com/feeds/rss/all
2025-04-19 19:45:51,670 - INFO - [parse_feed] Using proxy: http://ujhjjggl-rotate:m0jkp47ga63w@p.webshare.io:80
2025-04-19 19:45:51,670 - INFO - Using provided session in parse_feed
2025-04-19 19:45:51,670 - INFO - Processing feed: https://www.theverge.com/rss/index.xml
2025-04-19 19:45:51,670 - INFO - [parse_feed] Using proxy: http://ujhjjggl-rotate:m0jkp47ga63w@p.webshare.io:80
2025-04-19 19:45:51,671 - INFO - Using provided session in parse_feed
2025-04-19 19:45:51,992 - INFO - Created new feed: https://www.theverge.com/rss/index.xml with ID: 6803e14f4b298fb358299622
2025-04-19 19:45:52,011 - INFO - Created new feed: https://www.latimes.com/world/rss2.0.xml with ID: 6803e14f4b298fb358299623
2025-04-19 19:45:52,049 - INFO - Created new feed: https://www.theguardian.com/us-news/rss with ID: 6803e14f4b298fb358299624
2025-04-19 19:45:52,059 - INFO - Created new feed: https://www.cbsnews.com/latest/rss/main with ID: 6803e14f4b298fb358299625
2025-04-19 19:45:52,061 - INFO - Inserted 10 articles.
2025-04-19 19:45:52,081 - INFO - Inserted 100 articles.
2025-04-19 19:45:52,086 - INFO - Inserted 35 articles.
2025-04-19 19:45:52,087 - INFO - Inserted 30 articles.
2025-04-19 19:45:53,265 - INFO - Created new feed: https://mashable.com/feeds/rss/all with ID: 6803e1514b298fb3582996d5
2025-04-19 19:45:53,348 - INFO - Inserted 100 articles.
2025-04-19 19:52:54,927 - INFO - Processing feed: https://www.cbsnews.com/latest/rss/main
2025-04-19 19:52:54,927 - INFO - [parse_feed] Using proxy: http://ujhjjggl-rotate:m0jkp47ga63w@p.webshare.io:80
2025-04-19 19:52:54,927 - INFO - Using provided session in parse_feed
2025-04-19 19:52:54,928 - INFO - Processing feed: https://www.theguardian.com/us-news/rss
2025-04-19 19:52:54,928 - INFO - [parse_feed] Using proxy: http://ujhjjggl-rotate:m0jkp47ga63w@p.webshare.io:80
2025-04-19 19:52:54,929 - INFO - Using provided session in parse_feed
2025-04-19 19:52:54,930 - INFO - Processing feed: https://www.latimes.com/world/rss2.0.xml
2025-04-19 19:52:54,930 - INFO - [parse_feed] Using proxy: http://ujhjjggl-rotate:m0jkp47ga63w@p.webshare.io:80
2025-04-19 19:52:54,930 - INFO - Using provided session in parse_feed
2025-04-19 19:52:54,934 - INFO - Processing feed: https://mashable.com/feeds/rss/all
2025-04-19 19:52:54,934 - INFO - [parse_feed] Using proxy: http://ujhjjggl-rotate:m0jkp47ga63w@p.webshare.io:80
2025-04-19 19:52:54,935 - INFO - Using provided session in parse_feed
2025-04-19 19:52:54,936 - INFO - Processing feed: https://www.theverge.com/rss/index.xml
2025-04-19 19:52:54,936 - INFO - [parse_feed] Using proxy: http://ujhjjggl-rotate:m0jkp47ga63w@p.webshare.io:80
2025-04-19 19:52:54,936 - INFO - Using provided session in parse_feed
2025-04-19 19:52:55,193 - INFO - Created new feed: https://www.theverge.com/rss/index.xml with ID: 6803e2f71658d89d4fb21448
2025-04-19 19:52:55,203 - INFO - Created new feed: https://www.theguardian.com/us-news/rss with ID: 6803e2f71658d89d4fb21449
2025-04-19 19:52:55,240 - INFO - Inserted 10 articles.
2025-04-19 19:52:55,241 - INFO - Inserted 35 articles.
2025-04-19 19:52:55,254 - INFO - Created new feed: https://www.cbsnews.com/latest/rss/main with ID: 6803e2f71658d89d4fb21477
2025-04-19 19:52:55,332 - INFO - Inserted 30 articles.
2025-04-19 19:52:55,333 - INFO - Created new feed: https://www.latimes.com/world/rss2.0.xml with ID: 6803e2f71658d89d4fb21496
2025-04-19 19:52:55,397 - INFO - Inserted 100 articles.
2025-04-19 19:52:56,555 - INFO - Created new feed: https://mashable.com/feeds/rss/all with ID: 6803e2f81658d89d4fb214fb
2025-04-19 19:52:56,649 - INFO - Inserted 100 articles.
2025-04-19 20:21:09,239 - INFO - Processing feed: https://www.cbsnews.com/latest/rss/main
2025-04-19 20:21:09,239 - INFO - [parse_feed] Using proxy: http://ujhjjggl-rotate:m0jkp47ga63w@p.webshare.io:80
2025-04-19 20:21:09,239 - INFO - Using provided session in parse_feed
2025-04-19 20:21:09,240 - INFO - Processing feed: https://www.theguardian.com/us-news/rss
2025-04-19 20:21:09,240 - INFO - [parse_feed] Using proxy: http://ujhjjggl-rotate:m0jkp47ga63w@p.webshare.io:80
2025-04-19 20:21:09,240 - INFO - Using provided session in parse_feed
2025-04-19 20:21:09,241 - INFO - Processing feed: https://www.latimes.com/world/rss2.0.xml
2025-04-19 20:21:09,242 - INFO - [parse_feed] Using proxy: http://ujhjjggl-rotate:m0jkp47ga63w@p.webshare.io:80
2025-04-19 20:21:09,242 - INFO - Using provided session in parse_feed
2025-04-19 20:21:09,245 - INFO - Processing feed: https://mashable.com/feeds/rss/all
2025-04-19 20:21:09,245 - INFO - [parse_feed] Using proxy: http://ujhjjggl-rotate:m0jkp47ga63w@p.webshare.io:80
2025-04-19 20:21:09,245 - INFO - Using provided session in parse_feed
2025-04-19 20:21:09,246 - INFO - Processing feed: https://www.theverge.com/rss/index.xml
2025-04-19 20:21:09,247 - INFO - [parse_feed] Using proxy: http://ujhjjggl-rotate:m0jkp47ga63w@p.webshare.io:80
2025-04-19 20:21:09,247 - INFO - Using provided session in parse_feed
2025-04-19 20:21:09,559 - INFO - Created new feed: https://www.theverge.com/rss/index.xml with ID: 6803e995bf88ae1f3eff59db
2025-04-19 20:21:09,571 - INFO - Created new feed: https://www.cbsnews.com/latest/rss/main with ID: 6803e995bf88ae1f3eff59dc
2025-04-19 20:21:09,583 - INFO - Created new feed: https://www.theguardian.com/us-news/rss with ID: 6803e995bf88ae1f3eff59dd
2025-04-19 20:21:09,597 - INFO - Inserted 10 articles.
2025-04-19 20:21:09,606 - INFO - Inserted 30 articles.
2025-04-19 20:21:09,606 - INFO - Inserted 35 articles.
2025-04-19 20:21:09,785 - INFO - Created new feed: https://www.latimes.com/world/rss2.0.xml with ID: 6803e995bf88ae1f3eff5a29
2025-04-19 20:21:09,830 - INFO - Inserted 100 articles.
2025-04-19 20:21:10,904 - INFO - Created new feed: https://mashable.com/feeds/rss/all with ID: 6803e996bf88ae1f3eff5a8e
2025-04-19 20:21:11,006 - INFO - Inserted 100 articles.
