2025-04-09 05:18:17,257 - rss_aggregator - INFO - GET /api/v1/api/v1/feeds/items/ completed with 200 in 0.0398s - [logger.py:106]
2025-04-09 05:18:31,099 - rss_aggregator - INFO - GET /api/v1/api/v1/feeds/items/ completed with 404 in 0.0019s - [logger.py:106]
2025-04-09 05:18:31,777 - rss_aggregator - INFO - GET /api/v1/api/v1/feeds/items/ completed with 404 in 0.0030s - [logger.py:106]
2025-04-09 05:18:33,132 - rss_aggregator - INFO - GET /api/v1/api/v1/feeds/items/ completed with 404 in 0.0027s - [logger.py:106]
2025-04-09 05:18:33,766 - rss_aggregator - INFO - GET /api/v1/api/v1/feeds/items/ completed with 404 in 0.0024s - [logger.py:106]
2025-04-09 05:18:34,310 - rss_aggregator - INFO - GET /api/v1/api/v1/feeds/items/ completed with 404 in 0.0028s - [logger.py:106]
2025-04-09 05:18:34,471 - rss_aggregator - INFO - GET /api/v1/api/v1/feeds/items/ completed with 404 in 0.0035s - [logger.py:106]
2025-04-09 05:18:34,640 - rss_aggregator - INFO - GET /api/v1/api/v1/feeds/items/ completed with 404 in 0.0026s - [logger.py:106]
2025-04-09 05:19:37,574 - rss_aggregator - INFO - GET /api/v1/api/v1/feeds/items/ completed with 404 in 0.0501s - [logger.py:106]
2025-04-09 05:19:55,703 - rss_aggregator - INFO - GET /api/v1/api/v1/feeds/items/ completed with 404 in 0.0030s - [logger.py:106]
2025-04-09 05:19:56,131 - rss_aggregator - INFO - GET /api/v1/api/v1/feeds/items/ completed with 404 in 0.0038s - [logger.py:106]
2025-04-09 05:19:56,368 - rss_aggregator - INFO - GET /api/v1/api/v1/feeds/items/ completed with 404 in 0.0025s - [logger.py:106]
2025-04-09 05:19:56,490 - rss_aggregator - INFO - GET /api/v1/api/v1/feeds/items/ completed with 404 in 0.0021s - [logger.py:106]
2025-04-09 05:19:56,646 - rss_aggregator - INFO - GET /api/v1/api/v1/feeds/items/ completed with 404 in 0.0015s - [logger.py:106]
2025-04-09 05:19:56,818 - rss_aggregator - INFO - GET /api/v1/api/v1/feeds/items/ completed with 404 in 0.0024s - [logger.py:106]
2025-04-09 05:19:56,973 - rss_aggregator - INFO - GET /api/v1/api/v1/feeds/items/ completed with 404 in 0.0034s - [logger.py:106]
2025-04-09 05:19:57,112 - rss_aggregator - INFO - GET /api/v1/api/v1/feeds/items/ completed with 404 in 0.0034s - [logger.py:106]
2025-04-09 05:24:19,383 - rss_aggregator - INFO - GET /docs completed with 200 in 0.0011s - [logger.py:106]
2025-04-09 05:24:19,497 - rss_aggregator - INFO - GET /openapi.json completed with 200 in 0.0051s - [logger.py:106]
2025-04-09 05:26:57,922 - rss_aggregator - INFO - GET /docs completed with 200 in 0.0006s - [logger.py:106]
2025-04-09 05:26:58,032 - rss_aggregator - INFO - GET /openapi.json completed with 200 in 0.0066s - [logger.py:106]
2025-04-09 05:30:57,286 - rss_aggregator - INFO - GET /docs completed with 200 in 0.0010s - [logger.py:106]
2025-04-09 05:30:57,370 - rss_aggregator - INFO - GET /openapi.json completed with 200 in 0.0003s - [logger.py:106]
2025-04-09 05:31:14,469 - rss_aggregator - INFO - POST /api/v1/api/v1/feeds/ completed with 422 in 0.0017s - [logger.py:106]
2025-04-09 05:54:49,188 - rss_aggregator - INFO - POST /api/v1/api/v1/feeds/ completed with 200 in 0.0390s - [logger.py:106]
2025-04-09 06:12:02,464 - rss_aggregator - INFO - GET /openapi.json completed with 200 in 0.0043s - [logger.py:106]
2025-04-09 06:12:04,664 - rss_aggregator - INFO - GET /openapi.json completed with 200 in 0.0003s - [logger.py:106]
2025-04-09 06:12:05,132 - rss_aggregator - INFO - GET /openapi.json completed with 200 in 0.0004s - [logger.py:106]
2025-04-09 06:12:21,465 - rss_aggregator - INFO - POST /api/v1/api/v1/feeds/ completed with 200 in 0.0115s - [logger.py:106]
2025-04-09 06:12:22,864 - rss_aggregator - INFO - POST /api/v1/api/v1/feeds/ completed with 200 in 0.0022s - [logger.py:106]
2025-04-09 06:12:25,438 - rss_aggregator - INFO - GET /docs completed with 200 in 0.0003s - [logger.py:106]
2025-04-09 06:12:25,667 - rss_aggregator - INFO - GET /openapi.json completed with 200 in 0.0004s - [logger.py:106]
2025-04-09 06:12:28,896 - rss_aggregator - INFO - POST /api/v1/api/v1/feeds/ completed with 200 in 0.0020s - [logger.py:106]
2025-04-09 06:15:42,236 - rss_aggregator - INFO - POST /api/v1/api/v1/feeds/ completed with 200 in 0.0074s - [logger.py:106]
2025-04-09 06:15:54,683 - rss_aggregator - INFO - GET /docs completed with 200 in 0.0006s - [logger.py:106]
2025-04-09 06:15:54,769 - rss_aggregator - INFO - GET /openapi.json completed with 200 in 0.0011s - [logger.py:106]
2025-04-09 06:15:56,869 - rss_aggregator - INFO - GET /docs completed with 200 in 0.0003s - [logger.py:106]
2025-04-09 06:15:56,948 - rss_aggregator - INFO - GET /openapi.json completed with 200 in 0.0003s - [logger.py:106]
2025-04-09 06:18:42,721 - rss_aggregator - INFO - GET /docs completed with 200 in 0.0007s - [logger.py:106]
2025-04-09 06:18:42,812 - rss_aggregator - INFO - GET /openapi.json completed with 200 in 0.0051s - [logger.py:106]
2025-04-09 06:18:57,884 - rss_aggregator - INFO - POST /api/v1/api/v1/feeds/ completed with 422 in 0.0013s - [logger.py:106]
2025-04-09 06:19:00,824 - rss_aggregator - INFO - GET /docs completed with 200 in 0.0004s - [logger.py:106]
2025-04-09 06:19:00,917 - rss_aggregator - INFO - GET /openapi.json completed with 200 in 0.0054s - [logger.py:106]
2025-04-09 06:19:14,483 - rss_aggregator - INFO - POST /api/v1/api/v1/feeds/ completed with 200 in 0.0463s - [logger.py:106]
2025-04-09 06:19:23,303 - rss_aggregator - INFO - GET /docs completed with 200 in 0.0003s - [logger.py:106]
2025-04-09 06:19:23,390 - rss_aggregator - INFO - GET /openapi.json completed with 200 in 0.0003s - [logger.py:106]
2025-04-09 06:19:42,273 - rss_aggregator - INFO - GET /api/v1/api/v1/feeds/ completed with 200 in 0.0026s - [logger.py:106]
2025-04-09 06:20:03,342 - rss_aggregator - INFO - GET /docs completed with 200 in 0.0008s - [logger.py:106]
2025-04-09 06:20:03,449 - rss_aggregator - INFO - GET /openapi.json completed with 200 in 0.0081s - [logger.py:106]
2025-04-09 06:20:59,567 - rss_aggregator - INFO - GET /docs completed with 200 in 0.0007s - [logger.py:106]
2025-04-09 06:21:01,873 - rss_aggregator - INFO - GET /openapi.json completed with 200 in 0.0042s - [logger.py:106]
2025-04-09 06:21:22,928 - rss_aggregator - INFO - POST /api/v1/api/v1/feeds/ completed with 200 in 0.0193s - [logger.py:106]
2025-04-09 06:21:32,284 - rss_aggregator - INFO - GET /api/v1/api/v1/feeds/items/ completed with 200 in 0.0047s - [logger.py:106]
2025-04-09 06:22:48,899 - rss_aggregator - INFO - GET /docs completed with 200 in 0.0010s - [logger.py:106]
2025-04-09 06:22:51,312 - rss_aggregator - INFO - GET /openapi.json completed with 200 in 0.0056s - [logger.py:106]
2025-04-09 06:24:09,321 - rss_aggregator - INFO - GET /docs completed with 200 in 0.0013s - [logger.py:106]
2025-04-09 06:24:10,947 - rss_aggregator - INFO - GET /openapi.json completed with 200 in 0.0054s - [logger.py:106]
2025-04-09 06:24:19,103 - rss_aggregator - INFO - POST /api/v1/api/v1/feeds/ completed with 200 in 0.0249s - [logger.py:106]
2025-04-09 06:24:30,223 - rss_aggregator - INFO - GET /api/v1/api/v1/feeds/items/ completed with 200 in 0.0035s - [logger.py:106]
2025-04-09 06:26:25,544 - rss_aggregator - INFO - POST /api/v1/api/v1/feeds/ completed with 200 in 0.0048s - [logger.py:106]
2025-04-09 06:26:31,271 - rss_aggregator - INFO - POST /api/v1/api/v1/feeds/ completed with 200 in 0.0166s - [logger.py:106]
2025-04-09 06:26:32,285 - rss_aggregator - INFO - POST /api/v1/api/v1/feeds/ completed with 200 in 0.0019s - [logger.py:106]
2025-04-09 06:26:32,931 - rss_aggregator - INFO - POST /api/v1/api/v1/feeds/ completed with 200 in 0.0016s - [logger.py:106]
2025-04-09 06:26:36,326 - rss_aggregator - INFO - GET /docs completed with 200 in 0.0004s - [logger.py:106]
2025-04-09 06:26:36,443 - rss_aggregator - INFO - GET /openapi.json completed with 200 in 0.0067s - [logger.py:106]
2025-04-09 06:26:41,977 - rss_aggregator - INFO - POST /api/v1/api/v1/feeds/ completed with 200 in 0.0028s - [logger.py:106]
2025-04-09 06:26:54,212 - rss_aggregator - INFO - GET /api/v1/api/v1/feeds/items/ completed with 200 in 0.0030s - [logger.py:106]
2025-04-09 06:28:49,994 - rss_aggregator - INFO - GET /docs completed with 200 in 0.0011s - [logger.py:106]
2025-04-09 06:30:12,420 - rss_aggregator - INFO - GET /openapi.json completed with 200 in 0.0037s - [logger.py:106]
2025-04-09 06:34:15,314 - rss_aggregator - INFO - GET /docs completed with 200 in 0.0003s - [logger.py:106]
2025-04-09 06:34:15,398 - rss_aggregator - INFO - GET /openapi.json completed with 200 in 0.0063s - [logger.py:106]
2025-04-09 06:34:21,843 - rss_aggregator - INFO - GET /docs completed with 200 in 0.0006s - [logger.py:106]
2025-04-09 06:34:21,924 - rss_aggregator - INFO - GET /openapi.json completed with 200 in 0.0003s - [logger.py:106]
2025-04-09 06:37:22,627 - rss_aggregator - INFO - GET /docs completed with 200 in 0.0005s - [logger.py:106]
2025-04-09 06:37:22,733 - rss_aggregator - INFO - GET /openapi.json completed with 200 in 0.0048s - [logger.py:106]
2025-04-09 06:37:41,162 - rss_aggregator - INFO - POST /api/v1/api/v1/feeds/ completed with 200 in 0.0030s - [logger.py:106]
2025-04-09 06:43:43,977 - rss_aggregator - INFO - GET /docs completed with 200 in 0.0012s - [logger.py:106]
2025-04-09 06:44:51,776 - rss_aggregator - INFO - GET /openapi.json completed with 200 in 0.0068s - [logger.py:106]
2025-04-09 06:45:14,454 - rss_aggregator - INFO - GET / completed with 200 in 0.0006s - [logger.py:106]
2025-04-09 06:49:10,842 - rss_aggregator - INFO - GET /api/v1/api/v1/feeds/search/ completed with 200 in 0.0157s - [logger.py:106]
2025-04-09 06:49:18,031 - rss_aggregator - INFO - GET /api/v1/api/v1/feeds/search/ completed with 200 in 0.0019s - [logger.py:106]
2025-04-09 06:49:18,958 - rss_aggregator - INFO - GET /api/v1/api/v1/feeds/search/ completed with 200 in 0.0015s - [logger.py:106]
2025-04-09 06:49:20,954 - rss_aggregator - INFO - GET /api/v1/api/v1/feeds/search/ completed with 404 in 0.0015s - [logger.py:106]
2025-04-09 06:49:21,725 - rss_aggregator - INFO - GET /api/v1/api/v1/feeds/search/ completed with 404 in 0.0014s - [logger.py:106]
2025-04-09 06:49:25,667 - rss_aggregator - INFO - GET /api/v1/api/v1/feeds/search/ completed with 200 in 0.0015s - [logger.py:106]
2025-04-09 06:49:32,470 - rss_aggregator - INFO - GET /api/v1/api/v1/feeds/search/ completed with 404 in 0.0038s - [logger.py:106]
2025-04-09 06:49:43,747 - rss_aggregator - INFO - GET /api/v1/api/v1/feeds/search/ completed with 200 in 0.0018s - [logger.py:106]
2025-04-09 06:49:53,845 - rss_aggregator - INFO - GET /api/v1/api/v1/feeds/search/ completed with 404 in 0.0025s - [logger.py:106]
2025-04-09 06:50:00,990 - rss_aggregator - INFO - GET /api/v1/api/v1/feeds/search/ completed with 404 in 0.0017s - [logger.py:106]
2025-04-09 06:50:02,400 - rss_aggregator - INFO - GET /api/v1/api/v1/feeds/search/ completed with 404 in 0.0014s - [logger.py:106]
2025-04-09 06:50:03,156 - rss_aggregator - INFO - GET /api/v1/api/v1/feeds/search/ completed with 404 in 0.0015s - [logger.py:106]
2025-04-09 06:50:10,876 - rss_aggregator - INFO - GET /api/v1/api/v1/feeds/search/ completed with 200 in 0.0031s - [logger.py:106]
2025-04-09 06:54:06,255 - rss_aggregator - INFO - GET / completed with 200 in 0.0012s - [logger.py:106]
2025-04-09 06:54:09,704 - rss_aggregator - INFO - GET /docs completed with 200 in 0.0004s - [logger.py:106]
2025-04-09 06:54:09,909 - rss_aggregator - INFO - GET /openapi.json completed with 200 in 0.0063s - [logger.py:106]
2025-04-09 06:54:22,377 - rss_aggregator - INFO - POST /api/v1/api/v1/feeds/ completed with 200 in 0.1942s - [logger.py:106]
2025-04-09 06:54:27,270 - rss_aggregator - INFO - GET /api/v1/api/v1/feeds/ completed with 200 in 0.0019s - [logger.py:106]
2025-04-09 06:54:32,751 - rss_aggregator - INFO - GET /api/v1/api/v1/feeds/https://www.omgubuntu.co.uk/feed completed with 404 in 0.0003s - [logger.py:106]
2025-04-09 06:54:54,322 - rss_aggregator - INFO - GET /api/v1/api/v1/feeds/items/ completed with 200 in 0.0031s - [logger.py:106]
2025-04-09 06:56:01,885 - rss_aggregator - INFO - GET /api/v1/api/v1/articles/ completed with 200 in 0.0740s - [logger.py:106]
2025-04-09 07:01:34,425 - rss_aggregator - INFO - GET /api/v1/api/v1/articles/ completed with 200 in 0.0024s - [logger.py:106]
2025-04-09 07:05:16,714 - rss_aggregator - INFO - GET /api/v1/feeds/ completed with 404 in 0.0007s - [logger.py:106]
2025-04-09 07:06:09,388 - rss_aggregator - INFO - POST /api/v1/api/v1/feeds/ completed with 200 in 0.0032s - [logger.py:106]
2025-04-09 07:15:22,883 - rss_aggregator - INFO - GET /api/v1/api/v1/feeds/ completed with 200 in 0.0473s - [logger.py:106]
2025-04-09 07:15:38,437 - rss_aggregator - INFO - POST /api/v1/api/v1/feeds/ completed with 200 in 0.0030s - [logger.py:106]
2025-04-09 07:15:41,158 - rss_aggregator - INFO - GET /docs completed with 200 in 0.0006s - [logger.py:106]
2025-04-09 07:15:41,367 - rss_aggregator - INFO - GET /openapi.json completed with 200 in 0.0084s - [logger.py:106]
2025-04-09 07:15:48,645 - rss_aggregator - INFO - POST /api/v1/api/v1/feeds/ completed with 200 in 0.0020s - [logger.py:106]
2025-04-09 07:16:41,497 - rss_aggregator - INFO - GET /api/v1/api/v1/feeds/search/ completed with 404 in 0.0028s - [logger.py:106]
2025-04-09 07:16:59,430 - rss_aggregator - INFO - GET /api/v1/api/v1/feeds/search/ completed with 404 in 0.0019s - [logger.py:106]
2025-04-09 07:17:17,745 - rss_aggregator - INFO - GET /api/v1/api/v1/feeds/search/ completed with 404 in 0.0023s - [logger.py:106]
2025-04-09 07:17:22,559 - rss_aggregator - INFO - GET /api/v1/api/v1/feeds/search/ completed with 404 in 0.0015s - [logger.py:106]
2025-04-09 07:18:01,576 - rss_aggregator - INFO - GET /api/v1/api/v1/feeds/search/ completed with 404 in 0.0023s - [logger.py:106]
2025-04-09 07:18:09,347 - rss_aggregator - INFO - GET /api/v1/api/v1/feeds/search/ completed with 200 in 0.0540s - [logger.py:106]
2025-04-09 07:25:25,105 - rss_aggregator - INFO - GET /api/v1/api/v1/feeds/search/ completed with 404 in 0.0023s - [logger.py:106]
2025-04-09 07:25:57,673 - rss_aggregator - INFO - GET /docs completed with 200 in 0.0005s - [logger.py:106]
2025-04-09 07:25:57,844 - rss_aggregator - INFO - GET /openapi.json completed with 200 in 0.0087s - [logger.py:106]
2025-04-09 07:26:04,457 - rss_aggregator - INFO - POST /api/v1/api/v1/feeds/ completed with 200 in 0.1136s - [logger.py:106]
2025-04-09 07:34:12,501 - rss_aggregator - INFO - POST /api/v1/api/v1/feeds/ completed with 200 in 0.1602s - [logger.py:106]
2025-04-09 07:34:44,630 - rss_aggregator - INFO - GET /docs completed with 200 in 0.0004s - [logger.py:106]
2025-04-09 07:34:44,875 - rss_aggregator - INFO - GET /openapi.json completed with 200 in 0.0104s - [logger.py:106]
2025-04-09 07:35:05,465 - rss_aggregator - INFO - GET /docs completed with 200 in 0.0002s - [logger.py:106]
2025-04-09 07:35:05,606 - rss_aggregator - INFO - GET /openapi.json completed with 200 in 0.0006s - [logger.py:106]
2025-04-09 07:35:32,760 - rss_aggregator - INFO - GET /docs completed with 200 in 0.0002s - [logger.py:106]
2025-04-09 07:35:32,853 - rss_aggregator - INFO - GET /openapi.json completed with 200 in 0.0007s - [logger.py:106]
2025-04-09 09:04:35,547 - rss_aggregator - INFO - Processed feed https://www.omgubuntu.co.uk/feed - 18 items (18 new) in 0.16s - [logger.py:126]
2025-04-09 09:04:35,550 - rss_aggregator - INFO - POST /api/v1/api/v1/feeds/ completed with 200 in 0.1671s - [logger.py:106]
2025-04-09 09:05:07,545 - rss_aggregator - INFO - Processed feed https://feeds.bbci.co.uk/news/rss.xml - 34 items (34 new) in 0.11s - [logger.py:126]
2025-04-09 09:05:07,547 - rss_aggregator - INFO - POST /api/v1/api/v1/feeds/ completed with 200 in 0.1093s - [logger.py:106]
2025-04-09 09:13:56,811 - rss_aggregator - INFO - Processed feed https://img.rtvslo.si/feeds/00.xml - 20 items (20 new) in 0.05s - [logger.py:126]
2025-04-09 09:13:56,813 - rss_aggregator - INFO - POST /api/v1/api/v1/feeds/ completed with 200 in 0.0559s - [logger.py:106]
2025-04-09 09:18:09,646 - rss_aggregator - INFO - POST /api/v1/api/v1/feeds/ completed with 200 in 0.0395s - [logger.py:106]
2025-04-09 09:20:14,801 - rss_aggregator - INFO - POST /api/v1/api/v1/feeds/ completed with 200 in 0.1630s - [logger.py:106]
2025-04-09 09:20:28,448 - rss_aggregator - INFO - POST /api/v1/api/v1/feeds/ completed with 200 in 0.0109s - [logger.py:106]
2025-04-09 09:20:29,208 - rss_aggregator - INFO - POST /api/v1/api/v1/feeds/ completed with 200 in 0.0017s - [logger.py:106]
2025-04-09 09:21:20,646 - rss_aggregator - INFO - POST /api/v1/api/v1/feeds/ completed with 200 in 0.1862s - [logger.py:106]
2025-04-09 09:21:36,605 - rss_aggregator - INFO - POST /api/v1/api/v1/feeds/ completed with 200 in 0.0741s - [logger.py:106]
2025-04-09 09:21:58,540 - rss_aggregator - INFO - POST /api/v1/api/v1/feeds/ completed with 200 in 0.1102s - [logger.py:106]
2025-04-09 09:23:28,221 - rss_aggregator - INFO - GET /api/v1/api/v1/feeds/items/ completed with 200 in 0.0060s - [logger.py:106]
2025-04-09 09:37:44,848 - rss_aggregator - INFO - GET /api/v1/api/v1/feeds/items/ completed with 200 in 0.0262s - [logger.py:106]
2025-04-09 09:38:54,926 - rss_aggregator - INFO - GET /api/v1/api/v1/feeds/search/ completed with 200 in 0.0026s - [logger.py:106]
2025-04-09 09:39:05,345 - rss_aggregator - INFO - GET /api/v1/api/v1/feeds/search/ completed with 404 in 0.0021s - [logger.py:106]
2025-04-09 09:39:11,163 - rss_aggregator - INFO - GET /api/v1/api/v1/feeds/search/ completed with 200 in 0.0017s - [logger.py:106]
2025-04-09 09:39:35,459 - rss_aggregator - INFO - GET /docs completed with 200 in 0.0003s - [logger.py:106]
2025-04-09 09:39:35,595 - rss_aggregator - INFO - GET /openapi.json completed with 200 in 0.0160s - [logger.py:106]
2025-04-09 09:39:51,795 - rss_aggregator - INFO - GET /docs completed with 200 in 0.0004s - [logger.py:106]
2025-04-09 09:39:51,862 - rss_aggregator - INFO - GET /openapi.json completed with 200 in 0.0005s - [logger.py:106]
2025-04-09 09:39:54,245 - rss_aggregator - INFO - GET /docs completed with 200 in 0.0003s - [logger.py:106]
2025-04-09 09:39:54,304 - rss_aggregator - INFO - GET /openapi.json completed with 200 in 0.0003s - [logger.py:106]
2025-04-09 09:39:55,567 - rss_aggregator - INFO - GET /docs completed with 200 in 0.0002s - [logger.py:106]
2025-04-09 09:39:55,625 - rss_aggregator - INFO - GET /openapi.json completed with 200 in 0.0005s - [logger.py:106]
2025-04-09 09:40:02,396 - rss_aggregator - INFO - GET /docs completed with 200 in 0.0004s - [logger.py:106]
2025-04-09 09:40:02,460 - rss_aggregator - INFO - GET /openapi.json completed with 200 in 0.0003s - [logger.py:106]
2025-04-09 09:40:10,913 - rss_aggregator - INFO - GET / completed with 200 in 0.0004s - [logger.py:106]
2025-04-09 09:41:46,225 - rss_aggregator - INFO - POST /api/v1/api/v1/feeds/ completed with 200 in 0.0032s - [logger.py:106]
2025-04-09 09:41:50,693 - rss_aggregator - INFO - POST /api/v1/api/v1/feeds/ completed with 200 in 0.0019s - [logger.py:106]
2025-04-09 09:41:57,739 - rss_aggregator - INFO - POST /api/v1/api/v1/feeds/ completed with 200 in 0.1355s - [logger.py:106]
2025-04-09 09:51:59,167 - rss_aggregator - INFO - GET /redoc completed with 200 in 0.0003s - [logger.py:106]
2025-04-09 09:51:59,468 - rss_aggregator - INFO - GET /openapi.json completed with 200 in 0.0003s - [logger.py:106]
2025-04-09 09:52:39,149 - rss_aggregator - INFO - GET /openapi.json completed with 200 in 0.0004s - [logger.py:106]
2025-04-09 10:20:02,967 - rss_aggregator - INFO - GET /feeds completed with 404 in 0.0003s - [logger.py:106]
2025-04-09 10:27:17,134 - rss_aggregator - INFO - GET /feeds completed with 200 in 0.0481s - [logger.py:106]
2025-04-09 10:27:20,631 - rss_aggregator - INFO - GET /feeds completed with 200 in 0.0036s - [logger.py:106]
2025-04-09 10:27:22,826 - rss_aggregator - INFO - GET /feeds completed with 200 in 0.0022s - [logger.py:106]
2025-04-09 10:27:23,291 - rss_aggregator - INFO - GET /feeds completed with 200 in 0.0027s - [logger.py:106]
2025-04-09 10:27:26,867 - rss_aggregator - INFO - GET /feed completed with 404 in 0.0002s - [logger.py:106]
2025-04-09 10:27:29,081 - rss_aggregator - INFO - GET /feeds/rss completed with 404 in 0.0003s - [logger.py:106]
2025-04-09 10:27:32,288 - rss_aggregator - INFO - GET /feeds/ completed with 307 in 0.0003s - [logger.py:106]
2025-04-09 10:27:32,296 - rss_aggregator - INFO - GET /feeds completed with 200 in 0.0013s - [logger.py:106]
2025-04-09 10:28:10,074 - rss_aggregator - INFO - GET /feed/https://img.rtvslo.si/feeds/00.xml completed with 404 in 0.0002s - [logger.py:106]
2025-04-09 10:30:17,302 - rss_aggregator - INFO - GET /api/v1/feeds completed with 404 in 0.0020s - [logger.py:106]
2025-04-09 10:47:08,519 - rss_aggregator - INFO - POST /api/v1/api/v1/feeds/ completed with 200 in 0.0428s - [logger.py:106]
2025-04-09 11:00:44,766 - rss_aggregator - INFO - GET /docs completed with 200 in 0.0014s - [logger.py:106]
2025-04-09 11:25:57,452 - rss_aggregator - INFO - GET /docs completed with 200 in 0.0007s - [logger.py:106]
2025-04-09 11:25:57,587 - rss_aggregator - INFO - GET /openapi.json completed with 200 in 0.0098s - [logger.py:106]
2025-04-09 11:26:08,129 - rss_aggregator - INFO - POST /api/v1/api/v1/feeds/ completed with 200 in 0.1837s - [logger.py:106]
2025-04-09 11:26:33,129 - rss_aggregator - INFO - POST /api/v1/api/v1/feeds/ completed with 200 in 0.0950s - [logger.py:106]
2025-04-09 11:27:33,586 - rss_aggregator - INFO - GET /api/v1/api/v1/feeds/search/ completed with 404 in 0.0494s - [logger.py:106]
2025-04-09 11:27:46,478 - rss_aggregator - INFO - GET /api/v1/api/v1/feeds/search/ completed with 200 in 0.0018s - [logger.py:106]
2025-04-09 11:27:58,199 - rss_aggregator - INFO - GET /api/v1/api/v1/feeds/search/ completed with 200 in 0.0042s - [logger.py:106]
2025-04-09 11:28:11,149 - rss_aggregator - INFO - GET /api/v1/api/v1/feeds/search/ completed with 200 in 0.0015s - [logger.py:106]
2025-04-09 11:28:11,770 - rss_aggregator - INFO - GET /api/v1/api/v1/feeds/search/ completed with 200 in 0.0016s - [logger.py:106]
2025-04-09 11:28:11,935 - rss_aggregator - INFO - GET /api/v1/api/v1/feeds/search/ completed with 200 in 0.0016s - [logger.py:106]
2025-04-09 11:28:12,104 - rss_aggregator - INFO - GET /api/v1/api/v1/feeds/search/ completed with 200 in 0.0016s - [logger.py:106]
2025-04-09 14:07:24,912 - rss_aggregator - INFO - GET / completed with 200 in 0.0004s - [logger.py:106]
2025-04-09 14:07:26,432 - rss_aggregator - INFO - GET / completed with 200 in 0.0003s - [logger.py:106]
2025-04-09 14:08:01,386 - rss_aggregator - INFO - POST /api/v1/api/v1/feeds/ completed with 200 in 0.0808s - [logger.py:106]
2025-04-09 14:08:38,276 - rss_aggregator - INFO - POST /api/v1/api/v1/feeds/ completed with 200 in 0.0088s - [logger.py:106]
2025-04-09 14:09:56,107 - rss_aggregator - INFO - POST /api/v1/feeds/ completed with 404 in 0.0010s - [logger.py:106]
2025-04-09 14:12:47,754 - rss_aggregator - INFO - GET /api/v1/api/v1/feeds/ completed with 200 in 0.0055s - [logger.py:106]
2025-04-09 14:12:51,893 - rss_aggregator - INFO - GET /api/v1/api/v1/feeds/https://feeds.bbci.co.uk/news/rss.xml completed with 404 in 0.0003s - [logger.py:106]
2025-04-09 14:13:01,170 - rss_aggregator - INFO - GET /api/v1/api/v1/feeds/&=https://feeds.bbci.co.uk/news/rss.xml completed with 404 in 0.0003s - [logger.py:106]
2025-04-09 14:16:13,976 - rss_aggregator - INFO - GET /docs completed with 200 in 0.0008s - [logger.py:106]
2025-04-09 14:16:16,637 - rss_aggregator - INFO - GET /openapi.json completed with 200 in 0.0088s - [logger.py:106]
2025-04-09 14:24:34,341 - rss_aggregator - INFO - GET /docs completed with 200 in 0.0011s - [logger.py:106]
2025-04-09 14:24:37,292 - rss_aggregator - INFO - GET /openapi.json completed with 200 in 0.0063s - [logger.py:106]
2025-04-09 14:24:44,717 - rss_aggregator - INFO - POST /api/v1/api/v1/feeds/ completed with 200 in 0.0292s - [logger.py:106]
2025-04-09 14:24:50,554 - rss_aggregator - INFO - GET /api/v1/api/v1/feeds/ completed with 200 in 0.0017s - [logger.py:106]
2025-04-09 14:35:59,006 - rss_aggregator - INFO - GET /api/v1/api/v1/feeds/items/ completed with 200 in 0.0363s - [logger.py:106]
2025-04-09 14:37:23,086 - rss_aggregator - INFO - GET /api/v1/feeds/items/ completed with 404 in 0.0014s - [logger.py:106]
2025-04-09 14:37:23,091 - rss_aggregator - INFO - GET /api/v1/feeds/ completed with 404 in 0.0048s - [logger.py:106]
2025-04-09 14:37:52,236 - rss_aggregator - INFO - GET /api/v1/feeds/items/ completed with 404 in 0.0013s - [logger.py:106]
2025-04-09 14:37:52,239 - rss_aggregator - INFO - GET /api/v1/feeds/ completed with 404 in 0.0027s - [logger.py:106]
2025-04-09 14:38:00,081 - rss_aggregator - INFO - GET /api/v1/feeds/ completed with 404 in 0.0005s - [logger.py:106]
2025-04-09 14:38:00,082 - rss_aggregator - INFO - GET /api/v1/feeds/items/ completed with 404 in 0.0014s - [logger.py:106]
2025-04-09 14:38:06,121 - rss_aggregator - INFO - GET /api/v1/feeds/ completed with 404 in 0.0015s - [logger.py:106]
2025-04-09 14:38:06,125 - rss_aggregator - INFO - GET /api/v1/feeds/items/ completed with 404 in 0.0045s - [logger.py:106]
2025-04-09 14:38:12,361 - rss_aggregator - INFO - GET /api/v1/feeds/items/ completed with 404 in 0.0015s - [logger.py:106]
2025-04-09 14:38:12,364 - rss_aggregator - INFO - GET /api/v1/feeds/ completed with 404 in 0.0039s - [logger.py:106]
2025-04-09 14:42:44,315 - rss_aggregator - INFO - GET /api/v1/feeds/ completed with 404 in 0.0017s - [logger.py:106]
2025-04-09 14:42:44,318 - rss_aggregator - INFO - GET /api/v1/feeds/items/ completed with 404 in 0.0029s - [logger.py:106]
2025-04-09 14:42:57,179 - rss_aggregator - INFO - GET /docs completed with 200 in 0.0002s - [logger.py:106]
2025-04-09 14:42:57,538 - rss_aggregator - INFO - GET /openapi.json completed with 200 in 0.0092s - [logger.py:106]
2025-04-09 14:43:45,974 - rss_aggregator - INFO - GET /api/v1/api/v1/feeds/with-items/ completed with 200 in 0.0501s - [logger.py:106]
2025-04-09 14:44:12,868 - rss_aggregator - INFO - GET /api/v1/api/v1/feeds/with-items/ completed with 200 in 0.0069s - [logger.py:106]
2025-04-09 14:47:04,534 - rss_aggregator - INFO - GET /api/v1/api/v1/feeds/with-items/ completed with 200 in 0.0104s - [logger.py:106]
2025-04-09 14:47:10,380 - rss_aggregator - INFO - GET /api/v1/api/v1/feeds/with-items/ completed with 200 in 0.0041s - [logger.py:106]
2025-04-09 14:47:44,769 - rss_aggregator - INFO - GET /api/v1/api/v1/feeds/with-items/ completed with 200 in 0.0033s - [logger.py:106]
2025-04-09 14:47:55,125 - rss_aggregator - INFO - GET /api/v1/api/v1/feeds/with-items/ completed with 200 in 0.0035s - [logger.py:106]
2025-04-09 14:48:25,333 - rss_aggregator - INFO - GET /api/v1/api/v1/feeds/with-items/ completed with 200 in 0.0035s - [logger.py:106]
2025-04-09 14:50:41,164 - rss_aggregator - INFO - GET /api/v1/feeds/ completed with 404 in 0.0018s - [logger.py:106]
2025-04-09 14:50:41,168 - rss_aggregator - INFO - GET /api/v1/feeds/items/ completed with 404 in 0.0040s - [logger.py:106]
2025-04-09 14:51:38,338 - rss_aggregator - INFO - GET /api/v1/api/v1/feeds/with-items/ completed with 200 in 0.0033s - [logger.py:106]
2025-04-09 14:51:55,341 - rss_aggregator - INFO - GET /api/v1/api/v1/feeds/with-items/ completed with 200 in 0.0347s - [logger.py:106]
2025-04-09 14:52:02,449 - rss_aggregator - INFO - GET /api/v1/api/v1/feeds/with-items/ completed with 200 in 0.0070s - [logger.py:106]
2025-04-09 14:53:00,678 - rss_aggregator - INFO - GET /api/v1/api/v1/feeds/with-items/ completed with 200 in 0.0033s - [logger.py:106]
2025-04-09 14:53:13,047 - rss_aggregator - INFO - GET /api/v1/api/v1/feeds/with-items/ completed with 200 in 0.0062s - [logger.py:106]
2025-04-09 14:54:17,012 - rss_aggregator - INFO - GET /api/v1/api/v1/feeds/with-items/ completed with 404 in 1.0004s - [logger.py:106]
2025-04-09 14:54:37,955 - rss_aggregator - INFO - GET /api/v1/api/v1/feeds/with-items/ completed with 404 in 0.0063s - [logger.py:106]
2025-04-09 14:54:54,458 - rss_aggregator - INFO - POST /api/v1/api/v1/feeds/ completed with 200 in 0.0039s - [logger.py:106]
2025-04-09 14:58:28,208 - rss_aggregator - INFO - GET /api/v1/api/v1/feeds/with-items/ completed with 405 in 0.0006s - [logger.py:106]
2025-04-09 18:10:06,583 - rss_aggregator - INFO - GET /api/v1/api/v1/feeds/ completed with 200 in 0.0792s - [logger.py:106]
2025-04-09 18:10:07,526 - rss_aggregator - INFO - GET /api/v1/api/v1/feeds/ completed with 200 in 0.0033s - [logger.py:106]
2025-04-09 18:10:10,302 - rss_aggregator - INFO - GET / completed with 200 in 0.0003s - [logger.py:106]
2025-04-09 18:10:12,653 - rss_aggregator - INFO - GET / completed with 200 in 0.0007s - [logger.py:106]
2025-04-09 18:10:13,044 - rss_aggregator - INFO - GET / completed with 200 in 0.0006s - [logger.py:106]
2025-04-09 18:10:29,402 - rss_aggregator - INFO - GET /feeds completed with 404 in 0.0003s - [logger.py:106]
2025-04-09 18:10:33,692 - rss_aggregator - INFO - GET /feed completed with 404 in 0.0005s - [logger.py:106]
2025-04-09 18:10:52,364 - rss_aggregator - INFO - GET /feeds/rss completed with 404 in 0.0009s - [logger.py:106]
2025-04-09 18:10:53,419 - rss_aggregator - INFO - GET /feeds/ completed with 404 in 0.0002s - [logger.py:106]
2025-04-09 18:13:21,463 - rss_aggregator - INFO - GET /web/feeds completed with 200 in 0.0378s - [logger.py:106]
2025-04-09 18:13:32,428 - rss_aggregator - INFO - GET /web/feeds completed with 200 in 0.0040s - [logger.py:106]
2025-04-09 18:13:35,258 - rss_aggregator - INFO - GET //feeds completed with 404 in 0.0009s - [logger.py:106]
2025-04-09 18:13:38,218 - rss_aggregator - INFO - GET /feeds completed with 200 in 0.0409s - [logger.py:106]
2025-04-09 18:13:39,632 - rss_aggregator - INFO - GET /feeds completed with 200 in 0.0041s - [logger.py:106]
2025-04-09 18:13:45,070 - rss_aggregator - INFO - GET /web/feed/67f63d309efb47e5229f195b completed with 404 in 0.0003s - [logger.py:106]
2025-04-09 18:13:52,369 - rss_aggregator - INFO - GET /web/feed/67f63d309efb47e5229f195b completed with 404 in 0.0009s - [logger.py:106]
2025-04-09 18:13:54,547 - rss_aggregator - INFO - GET /web/feed/67f63d309efb47e5229f195b completed with 404 in 0.0005s - [logger.py:106]
2025-04-09 18:15:04,978 - rss_aggregator - INFO - GET /web/feed/67f63d309efb47e5229f195b completed with 404 in 0.0008s - [logger.py:106]
2025-04-09 18:15:05,788 - rss_aggregator - INFO - GET /feeds completed with 200 in 0.0085s - [logger.py:106]
2025-04-09 18:15:06,351 - rss_aggregator - INFO - GET /feeds completed with 200 in 0.0046s - [logger.py:106]
2025-04-09 18:15:06,986 - rss_aggregator - INFO - GET /feeds completed with 200 in 0.0034s - [logger.py:106]
2025-04-09 18:15:58,051 - rss_aggregator - INFO - GET /feeds completed with 200 in 0.0039s - [logger.py:106]
2025-04-09 18:15:58,915 - rss_aggregator - INFO - GET /feeds completed with 200 in 0.0034s - [logger.py:106]
2025-04-09 18:15:59,354 - rss_aggregator - INFO - GET /feeds completed with 200 in 0.0037s - [logger.py:106]
2025-04-09 18:16:25,800 - rss_aggregator - INFO - GET /feeds completed with 200 in 0.0140s - [logger.py:106]
2025-04-09 18:16:27,864 - rss_aggregator - INFO - GET /feeds completed with 200 in 0.0046s - [logger.py:106]
2025-04-09 18:16:28,438 - rss_aggregator - INFO - GET /feeds completed with 200 in 0.0030s - [logger.py:106]
2025-04-09 18:16:28,985 - rss_aggregator - INFO - GET /feeds completed with 200 in 0.0025s - [logger.py:106]
2025-04-09 18:16:29,132 - rss_aggregator - INFO - GET /feeds completed with 200 in 0.0019s - [logger.py:106]
2025-04-09 18:16:43,041 - rss_aggregator - INFO - GET /feeds completed with 200 in 0.0037s - [logger.py:106]
2025-04-09 18:16:43,755 - rss_aggregator - INFO - GET /feeds completed with 200 in 0.0026s - [logger.py:106]
2025-04-09 18:16:44,113 - rss_aggregator - INFO - GET /feeds completed with 200 in 0.0023s - [logger.py:106]
2025-04-09 18:16:44,260 - rss_aggregator - INFO - GET /feeds completed with 200 in 0.0029s - [logger.py:106]
2025-04-09 18:16:44,436 - rss_aggregator - INFO - GET /feeds completed with 200 in 0.0034s - [logger.py:106]
2025-04-09 18:16:44,555 - rss_aggregator - INFO - GET /feeds completed with 200 in 0.0015s - [logger.py:106]
2025-04-09 18:17:13,352 - rss_aggregator - INFO - GET /feeds completed with 200 in 0.0178s - [logger.py:106]
2025-04-09 18:17:13,536 - rss_aggregator - INFO - GET /feeds completed with 200 in 0.0029s - [logger.py:106]
2025-04-09 18:17:13,919 - rss_aggregator - INFO - GET /feeds completed with 200 in 0.0026s - [logger.py:106]
2025-04-09 18:17:14,272 - rss_aggregator - INFO - GET /feeds completed with 200 in 0.0017s - [logger.py:106]
2025-04-09 18:22:34,727 - rss_aggregator - INFO - GET /feeds completed with 200 in 0.0104s - [logger.py:106]
2025-04-09 18:22:56,061 - rss_aggregator - INFO - GET /feeds completed with 200 in 0.0065s - [logger.py:106]
2025-04-09 18:23:22,799 - rss_aggregator - INFO - GET /web/feed/67f63d309efb47e5229f195b completed with 404 in 0.0002s - [logger.py:106]
2025-04-09 18:33:49,036 - rss_aggregator - INFO - GET /web/feed/67f63d309efb47e5229f195b completed with 404 in 0.0008s - [logger.py:106]
2025-04-09 18:34:13,363 - rss_aggregator - INFO - GET /web/feed/67f63d309efb47e5229f195b completed with 404 in 0.0006s - [logger.py:106]
2025-04-09 19:03:41,961 - rss_aggregator - INFO - GET /web/feed/67f63d309efb47e5229f195b completed with 404 in 0.0014s - [logger.py:106]
2025-04-09 19:03:42,660 - rss_aggregator - INFO - GET /web/feed/67f63d309efb47e5229f195b completed with 404 in 0.0005s - [logger.py:106]
2025-04-09 19:04:01,018 - rss_aggregator - INFO - GET /web/feed/67f63d309efb47e5229f195b completed with 404 in 0.0005s - [logger.py:106]
2025-04-09 19:04:51,890 - rss_aggregator - INFO - GET //feed/67f63d309efb47e5229f195b completed with 404 in 0.0009s - [logger.py:106]
2025-04-09 19:05:10,904 - rss_aggregator - INFO - GET //feed/67f63d309efb47e5229f195b completed with 404 in 0.0006s - [logger.py:106]
2025-04-09 19:07:34,010 - rss_aggregator - INFO - GET /web/feed/67f63d309efb47e5229f195b completed with 200 in 0.0088s - [logger.py:106]
2025-04-09 19:07:53,361 - rss_aggregator - INFO - GET /web/feed/67f63d499efb47e5229f196e completed with 200 in 0.0056s - [logger.py:106]
2025-04-09 19:10:02,545 - rss_aggregator - INFO - GET /web/feed/67f63d499efb47e5229f196e completed with 200 in 0.0053s - [logger.py:106]
2025-04-09 19:10:04,889 - rss_aggregator - INFO - GET /web/feed/67f63d499efb47e5229f196e completed with 200 in 0.0243s - [logger.py:106]
2025-04-09 19:10:22,342 - rss_aggregator - INFO - GET /web/feed/67f63d499efb47e5229f196e completed with 200 in 0.0017s - [logger.py:106]
2025-04-09 19:15:03,150 - rss_aggregator - INFO - GET /web/feed/67f63d499efb47e5229f196e completed with 200 in 0.0033s - [logger.py:106]
2025-04-09 19:15:06,641 - rss_aggregator - INFO - GET /web/feed/67f63d499efb47e5229f196e completed with 404 in 0.0003s - [logger.py:106]
2025-04-09 19:15:14,018 - rss_aggregator - INFO - GET /web/feed/67f63d499efb47e5229f196e completed with 404 in 0.0007s - [logger.py:106]
2025-04-09 19:15:28,398 - rss_aggregator - INFO - GET /web/feed/67f63d499efb47e5229f196e completed with 404 in 0.0011s - [logger.py:106]
2025-04-09 19:15:31,415 - rss_aggregator - INFO - GET /web/feed/67f63d499efb47e5229f196e completed with 200 in 0.0122s - [logger.py:106]
2025-04-09 19:15:49,863 - rss_aggregator - INFO - GET /web/feed/67f63d499efb47e5229f196e completed with 200 in 0.0041s - [logger.py:106]
2025-04-09 19:15:53,450 - rss_aggregator - INFO - GET /web/feed/67f63d499efb47e5229f196e completed with 200 in 0.0337s - [logger.py:106]
2025-04-09 19:16:02,748 - rss_aggregator - INFO - GET /web/feed/67f63d499efb47e5229f196e completed with 200 in 0.0019s - [logger.py:106]
2025-04-09 19:16:03,848 - rss_aggregator - INFO - GET /web/feed/67f63d499efb47e5229f196e completed with 200 in 0.0020s - [logger.py:106]
2025-04-09 19:16:09,915 - rss_aggregator - INFO - GET /web/feed/67f63d499efb47e5229f196e completed with 200 in 0.0052s - [logger.py:106]
2025-04-09 19:16:10,586 - rss_aggregator - INFO - GET /web/feed/67f63d499efb47e5229f196e completed with 200 in 0.0023s - [logger.py:106]
2025-04-09 19:16:11,099 - rss_aggregator - INFO - GET /web/feed/67f63d499efb47e5229f196e completed with 200 in 0.0019s - [logger.py:106]
2025-04-09 19:16:12,011 - rss_aggregator - INFO - GET /web/feed/67f63d499efb47e5229f196e completed with 200 in 0.0014s - [logger.py:106]
2025-04-09 19:16:12,162 - rss_aggregator - INFO - GET /web/feed/67f63d499efb47e5229f196e completed with 200 in 0.0020s - [logger.py:106]
2025-04-09 19:16:14,033 - rss_aggregator - INFO - GET /web/feed/67f63d309efb47e5229f195b completed with 200 in 0.0032s - [logger.py:106]
2025-04-09 19:16:14,878 - rss_aggregator - INFO - GET /web/feed/67f63d309efb47e5229f195b completed with 200 in 0.0018s - [logger.py:106]
2025-04-09 19:16:16,417 - rss_aggregator - INFO - GET /web/feed/67f66df9f8d53746425c97cd completed with 200 in 0.0015s - [logger.py:106]
2025-04-09 19:17:06,119 - rss_aggregator - INFO - GET /feeds completed with 404 in 0.0006s - [logger.py:106]
2025-04-09 19:17:10,942 - rss_aggregator - INFO - GET /web/feeds completed with 200 in 0.0216s - [logger.py:106]
2025-04-09 19:18:03,959 - rss_aggregator - INFO - GET /web/feed/67f63d309efb47e5229f195b completed with 200 in 0.0377s - [logger.py:106]
2025-04-09 19:18:17,995 - rss_aggregator - INFO - GET /web/feed/67f63d309efb47e5229f195b completed with 200 in 0.0025s - [logger.py:106]
2025-04-09 19:18:18,735 - rss_aggregator - INFO - GET /web/feed/67f63d309efb47e5229f195b completed with 200 in 0.0027s - [logger.py:106]
2025-04-09 19:18:20,043 - rss_aggregator - INFO - GET /web/feeds completed with 200 in 0.0094s - [logger.py:106]
2025-04-09 19:18:20,549 - rss_aggregator - INFO - GET /web/feeds completed with 200 in 0.0031s - [logger.py:106]
2025-04-09 19:18:20,753 - rss_aggregator - INFO - GET /web/feeds completed with 200 in 0.0016s - [logger.py:106]
2025-04-09 19:18:20,934 - rss_aggregator - INFO - GET /web/feeds completed with 200 in 0.0017s - [logger.py:106]
2025-04-09 19:18:21,167 - rss_aggregator - INFO - GET /web/feeds completed with 200 in 0.0035s - [logger.py:106]
2025-04-09 19:18:23,176 - rss_aggregator - INFO - GET /web/feed/67f63d499efb47e5229f196e completed with 200 in 0.0016s - [logger.py:106]
2025-04-09 19:18:26,296 - rss_aggregator - INFO - GET /web/feed/67f66df9f8d53746425c97cd completed with 200 in 0.0018s - [logger.py:106]
2025-04-09 19:18:43,821 - rss_aggregator - INFO - GET /web/feed/67f66df9f8d53746425c97cd completed with 200 in 0.0113s - [logger.py:106]
2025-04-09 19:18:47,522 - rss_aggregator - INFO - GET /web/feed/67f66df9f8d53746425c97cd completed with 200 in 0.0460s - [logger.py:106]
2025-04-09 19:18:50,057 - rss_aggregator - INFO - GET /web/feed/67f66df9f8d53746425c97cd completed with 200 in 0.0018s - [logger.py:106]
2025-04-09 19:18:50,557 - rss_aggregator - INFO - GET /web/feed/67f66df9f8d53746425c97cd completed with 200 in 0.0023s - [logger.py:106]
2025-04-09 19:18:50,812 - rss_aggregator - INFO - GET /web/feed/67f66df9f8d53746425c97cd completed with 200 in 0.0021s - [logger.py:106]
2025-04-09 19:18:50,955 - rss_aggregator - INFO - GET /web/feed/67f66df9f8d53746425c97cd completed with 200 in 0.0016s - [logger.py:106]
2025-04-09 19:18:51,128 - rss_aggregator - INFO - GET /web/feed/67f66df9f8d53746425c97cd completed with 200 in 0.0021s - [logger.py:106]
2025-04-09 19:18:51,274 - rss_aggregator - INFO - GET /web/feed/67f66df9f8d53746425c97cd completed with 200 in 0.0013s - [logger.py:106]
2025-04-09 19:18:51,409 - rss_aggregator - INFO - GET /web/feed/67f66df9f8d53746425c97cd completed with 200 in 0.0011s - [logger.py:106]
2025-04-09 19:19:00,097 - rss_aggregator - INFO - GET /web/feed/67f66df9f8d53746425c97cd completed with 200 in 0.0025s - [logger.py:106]
2025-04-09 19:19:02,154 - rss_aggregator - INFO - GET /web/feed/67f66df9f8d53746425c97cd completed with 200 in 0.0367s - [logger.py:106]
2025-04-09 19:19:02,816 - rss_aggregator - INFO - GET /web/feed/67f66df9f8d53746425c97cd completed with 200 in 0.0024s - [logger.py:106]
2025-04-09 19:19:03,964 - rss_aggregator - INFO - GET /web/feed/67f66df9f8d53746425c97cd completed with 200 in 0.0027s - [logger.py:106]
2025-04-09 19:19:06,146 - rss_aggregator - INFO - GET /web/feed/67f66df9f8d53746425c97cd completed with 200 in 0.0023s - [logger.py:106]
2025-04-09 19:19:06,616 - rss_aggregator - INFO - GET /web/feed/67f66df9f8d53746425c97cd completed with 200 in 0.0012s - [logger.py:106]
2025-04-09 19:19:07,047 - rss_aggregator - INFO - GET /web/feed/67f66df9f8d53746425c97cd completed with 200 in 0.0012s - [logger.py:106]
2025-04-09 19:19:09,868 - rss_aggregator - INFO - GET /web/feed/67f66df9f8d53746425c97cd completed with 200 in 0.0019s - [logger.py:106]
2025-04-09 19:19:10,437 - rss_aggregator - INFO - GET /web/feed/67f66df9f8d53746425c97cd completed with 200 in 0.0021s - [logger.py:106]
2025-04-09 19:19:31,541 - rss_aggregator - INFO - GET /web/feed/67f66df9f8d53746425c97cd completed with 200 in 0.0019s - [logger.py:106]
2025-04-09 19:19:32,212 - rss_aggregator - INFO - GET /web/feed/67f66df9f8d53746425c97cd completed with 200 in 0.0020s - [logger.py:106]
2025-04-09 19:19:38,703 - rss_aggregator - INFO - GET /web/feed/67f63d309efb47e5229f195b completed with 200 in 0.0020s - [logger.py:106]
2025-04-09 19:19:40,760 - rss_aggregator - INFO - GET /web/feed/67f66df9f8d53746425c97cd completed with 200 in 0.0016s - [logger.py:106]
2025-04-09 19:19:50,962 - rss_aggregator - INFO - GET /web/feed/67f66df9f8d53746425c97cd completed with 200 in 0.0013s - [logger.py:106]
2025-04-09 19:19:53,647 - rss_aggregator - INFO - GET /web/feed/67f63d499efb47e5229f196e completed with 200 in 0.0017s - [logger.py:106]
2025-04-09 19:20:33,039 - rss_aggregator - INFO - GET /web/feeds completed with 200 in 0.0088s - [logger.py:106]
2025-04-09 19:21:13,675 - rss_aggregator - INFO - GET /web/feeds completed with 200 in 0.0254s - [logger.py:106]
2025-04-09 19:21:16,636 - rss_aggregator - INFO - GET /web/feeds completed with 200 in 0.0028s - [logger.py:106]
2025-04-09 19:21:17,224 - rss_aggregator - INFO - GET /web/feeds completed with 200 in 0.0023s - [logger.py:106]
2025-04-09 19:21:17,397 - rss_aggregator - INFO - GET /web/feeds completed with 200 in 0.0028s - [logger.py:106]
2025-04-09 19:21:17,545 - rss_aggregator - INFO - GET /web/feeds completed with 200 in 0.0022s - [logger.py:106]
2025-04-09 19:21:17,704 - rss_aggregator - INFO - GET /web/feeds completed with 200 in 0.0014s - [logger.py:106]
2025-04-09 19:21:17,842 - rss_aggregator - INFO - GET /web/feeds completed with 200 in 0.0021s - [logger.py:106]
2025-04-09 19:21:23,518 - rss_aggregator - INFO - GET /web/feeds completed with 200 in 0.0030s - [logger.py:106]
2025-04-09 19:21:26,566 - rss_aggregator - INFO - GET /web/feeds completed with 200 in 0.0601s - [logger.py:106]
2025-04-09 19:21:33,576 - rss_aggregator - INFO - GET /web/feeds completed with 200 in 0.0032s - [logger.py:106]
2025-04-09 19:21:37,060 - rss_aggregator - INFO - GET /web/feed/67f63d309efb47e5229f195b completed with 200 in 0.0381s - [logger.py:106]
2025-04-09 19:21:40,233 - rss_aggregator - INFO - GET /web/feed/67f66df9f8d53746425c97cd completed with 200 in 0.0020s - [logger.py:106]
2025-04-09 19:21:41,044 - rss_aggregator - INFO - GET /web/feed/67f66df9f8d53746425c97cd completed with 200 in 0.0023s - [logger.py:106]
2025-04-09 19:21:42,774 - rss_aggregator - INFO - GET /web/feed/67f63d499efb47e5229f196e completed with 200 in 0.0019s - [logger.py:106]
2025-04-09 19:21:44,816 - rss_aggregator - INFO - GET /web/feed/67f63d309efb47e5229f195b completed with 200 in 0.0018s - [logger.py:106]
2025-04-09 19:21:50,537 - rss_aggregator - INFO - GET /web/feed/67f63d309efb47e5229f195b completed with 200 in 0.0017s - [logger.py:106]
2025-04-09 19:22:00,050 - rss_aggregator - INFO - GET /web/feeds completed with 200 in 0.0053s - [logger.py:106]
2025-04-09 19:22:09,140 - rss_aggregator - INFO - GET /web/feeds completed with 200 in 0.0024s - [logger.py:106]
2025-04-09 19:22:29,932 - rss_aggregator - INFO - GET /web/feeds completed with 200 in 0.0029s - [logger.py:106]
2025-04-09 19:22:33,545 - rss_aggregator - INFO - GET /web/feeds completed with 200 in 0.0128s - [logger.py:106]
2025-04-09 19:22:34,798 - rss_aggregator - INFO - GET /web/feeds completed with 200 in 0.0017s - [logger.py:106]
2025-04-09 19:22:38,037 - rss_aggregator - INFO - GET /web/feeds completed with 200 in 0.0025s - [logger.py:106]
2025-04-09 19:22:38,518 - rss_aggregator - INFO - GET /web/feeds completed with 200 in 0.0034s - [logger.py:106]
2025-04-09 19:22:38,912 - rss_aggregator - INFO - GET /web/feeds completed with 200 in 0.0031s - [logger.py:106]
2025-04-09 19:22:39,098 - rss_aggregator - INFO - GET /web/feeds completed with 200 in 0.0014s - [logger.py:106]
2025-04-09 19:22:39,275 - rss_aggregator - INFO - GET /web/feeds completed with 200 in 0.0037s - [logger.py:106]
2025-04-09 19:22:39,382 - rss_aggregator - INFO - GET /web/feeds completed with 200 in 0.0020s - [logger.py:106]
2025-04-09 19:22:39,561 - rss_aggregator - INFO - GET /web/feeds completed with 200 in 0.0025s - [logger.py:106]
2025-04-09 19:22:39,697 - rss_aggregator - INFO - GET /web/feeds completed with 200 in 0.0031s - [logger.py:106]
2025-04-09 19:22:40,436 - rss_aggregator - INFO - GET /web/feed/67f63d499efb47e5229f196e completed with 200 in 0.0084s - [logger.py:106]
2025-04-09 19:22:42,792 - rss_aggregator - INFO - GET /web/feed/67f66df9f8d53746425c97cd completed with 200 in 0.0015s - [logger.py:106]
2025-04-09 19:22:44,376 - rss_aggregator - INFO - GET /web/feed/67f63d309efb47e5229f195b completed with 200 in 0.0015s - [logger.py:106]
2025-04-09 19:22:45,441 - rss_aggregator - INFO - GET /web/feeds completed with 200 in 0.0025s - [logger.py:106]
2025-04-09 19:22:45,976 - rss_aggregator - INFO - GET /web/feeds completed with 200 in 0.0026s - [logger.py:106]
2025-04-09 19:22:47,038 - rss_aggregator - INFO - GET /web/feed/67f63d499efb47e5229f196e completed with 200 in 0.0019s - [logger.py:106]
2025-04-09 19:22:51,816 - rss_aggregator - INFO - GET /web/feed/67f66df9f8d53746425c97cd completed with 200 in 0.0017s - [logger.py:106]
2025-04-09 19:22:53,912 - rss_aggregator - INFO - GET /web/feed/67f63d309efb47e5229f195b completed with 200 in 0.0018s - [logger.py:106]
2025-04-09 19:22:56,362 - rss_aggregator - INFO - GET /web/feed/67f63d499efb47e5229f196e completed with 200 in 0.0025s - [logger.py:106]
2025-04-09 19:23:32,655 - rss_aggregator - INFO - GET /web/feed/67f63d499efb47e5229f196e completed with 200 in 0.0027s - [logger.py:106]
2025-04-09 19:23:37,332 - rss_aggregator - INFO - GET /web/feed/67f66df9f8d53746425c97cd completed with 200 in 0.0024s - [logger.py:106]
2025-04-09 19:23:38,929 - rss_aggregator - INFO - GET /web/feed/67f63d499efb47e5229f196e completed with 200 in 0.0016s - [logger.py:106]
2025-04-09 19:23:40,255 - rss_aggregator - INFO - GET /web/feed/67f63d309efb47e5229f195b completed with 200 in 0.0016s - [logger.py:106]
2025-04-09 19:30:12,819 - rss_aggregator - INFO - GET /web/feeds completed with 200 in 0.0605s - [logger.py:106]
2025-04-10 07:25:22,065 - rss_aggregator - INFO - GET /api/v1/api/v1/feeds/ completed with 200 in 0.0382s - [logger.py:106]
2025-04-10 07:26:37,554 - rss_aggregator - INFO - GET /docs completed with 200 in 0.0010s - [logger.py:106]
2025-04-10 07:26:37,706 - rss_aggregator - INFO - GET /openapi.json completed with 200 in 0.0078s - [logger.py:106]
2025-04-10 07:28:55,817 - rss_aggregator - INFO - POST /api/v1/api/v1/feeds/ completed with 200 in 0.0020s - [logger.py:106]
2025-04-10 08:29:42,965 - rss_aggregator - INFO - GET / completed with 200 in 0.0014s - [logger.py:106]
2025-04-10 08:29:46,813 - rss_aggregator - INFO - GET /web/feeds completed with 200 in 0.0488s - [logger.py:106]
2025-04-10 08:31:48,802 - rss_aggregator - INFO - GET /web/feed/67f63d309efb47e5229f195b completed with 200 in 0.0300s - [logger.py:106]
2025-04-10 08:31:48,955 - rss_aggregator - INFO - GET /web/feed/67f63d309efb47e5229f195b completed with 200 in 0.0034s - [logger.py:106]
2025-04-10 08:33:31,372 - rss_aggregator - INFO - GET /web/feed/67f63d309efb47e5229f195b completed with 200 in 0.0103s - [logger.py:106]
2025-04-10 08:33:35,018 - rss_aggregator - INFO - GET /web/feed/67f63d309efb47e5229f195b completed with 200 in 0.0559s - [logger.py:106]
2025-04-10 08:33:45,746 - rss_aggregator - INFO - GET /web/feed/67f63d309efb47e5229f195b completed with 200 in 0.0044s - [logger.py:106]
2025-04-10 08:33:48,982 - rss_aggregator - INFO - GET /web/feed/67f63d499efb47e5229f196e completed with 200 in 0.0046s - [logger.py:106]
2025-04-10 08:34:29,368 - rss_aggregator - INFO - GET /web/feed/67f63d309efb47e5229f195b completed with 200 in 0.0033s - [logger.py:106]
2025-04-10 08:36:40,509 - rss_aggregator - INFO - GET /web/feed/67f63d309efb47e5229f195b completed with 200 in 0.0090s - [logger.py:106]
2025-04-10 08:36:42,750 - rss_aggregator - INFO - GET /web/feed/67f63d309efb47e5229f195b completed with 200 in 0.0067s - [logger.py:106]
2025-04-10 08:39:30,051 - rss_aggregator - INFO - GET /web/feed/67f63d309efb47e5229f195b completed with 200 in 0.0074s - [logger.py:106]
2025-04-10 08:39:46,171 - rss_aggregator - INFO - GET /web/feed/67f63d309efb47e5229f195b completed with 200 in 0.0079s - [logger.py:106]
2025-04-10 08:42:41,354 - rss_aggregator - INFO - GET /web/feed/67f66df9f8d53746425c97cd completed with 200 in 0.0128s - [logger.py:106]
2025-04-10 08:42:48,711 - rss_aggregator - INFO - GET /web/feed/67f63d499efb47e5229f196e completed with 200 in 0.0391s - [logger.py:106]
2025-04-10 08:42:53,625 - rss_aggregator - INFO - GET /web/feed/67f63d309efb47e5229f195b completed with 200 in 0.0046s - [logger.py:106]
2025-04-10 08:42:55,762 - rss_aggregator - INFO - GET /web/feed/67f66df9f8d53746425c97cd completed with 200 in 0.0044s - [logger.py:106]
2025-04-10 08:43:08,500 - rss_aggregator - INFO - GET /web/feed/67f63d309efb47e5229f195b completed with 200 in 0.0116s - [logger.py:106]
2025-04-10 08:43:11,280 - rss_aggregator - INFO - GET /web/feed/67f63d499efb47e5229f196e completed with 200 in 0.0047s - [logger.py:106]
2025-04-10 08:43:17,145 - rss_aggregator - INFO - GET /web/feed/67f66df9f8d53746425c97cd completed with 200 in 0.0045s - [logger.py:106]
2025-04-10 08:43:20,139 - rss_aggregator - INFO - GET /web/feed/67f66df9f8d53746425c97cd completed with 200 in 0.0046s - [logger.py:106]
2025-04-10 08:55:12,969 - rss_aggregator - INFO - GET /web/feed/67f66df9f8d53746425c97cd completed with 200 in 0.0185s - [logger.py:106]
2025-04-10 08:55:15,495 - rss_aggregator - INFO - GET /web/feed/67f66df9f8d53746425c97cd completed with 200 in 0.0574s - [logger.py:106]
2025-04-10 08:55:16,691 - rss_aggregator - INFO - GET /web/feed/67f63d309efb47e5229f195b completed with 200 in 0.0063s - [logger.py:106]
2025-04-10 08:55:28,145 - rss_aggregator - INFO - GET /web/feed/67f63d309efb47e5229f195b completed with 200 in 0.0217s - [logger.py:106]
2025-04-10 08:55:30,220 - rss_aggregator - INFO - GET /web/feed/67f63d309efb47e5229f195b completed with 200 in 0.0087s - [logger.py:106]
2025-04-10 08:55:31,730 - rss_aggregator - INFO - GET /web/feed/67f63d309efb47e5229f195b completed with 200 in 0.0083s - [logger.py:106]
2025-04-10 08:56:15,626 - rss_aggregator - INFO - GET /web/feed/67f63d309efb47e5229f195b completed with 200 in 0.0097s - [logger.py:106]
2025-04-10 08:56:16,248 - rss_aggregator - INFO - GET /web/feed/67f63d309efb47e5229f195b completed with 200 in 0.0107s - [logger.py:106]
2025-04-10 08:56:16,684 - rss_aggregator - INFO - GET /web/feed/67f63d309efb47e5229f195b completed with 200 in 0.0078s - [logger.py:106]
2025-04-10 08:56:25,029 - rss_aggregator - INFO - GET /web/feed/67f63d309efb47e5229f195b completed with 200 in 0.0192s - [logger.py:106]
2025-04-10 08:56:30,780 - rss_aggregator - INFO - GET /web/feed/67f63d309efb47e5229f195b completed with 200 in 0.0086s - [logger.py:106]
2025-04-10 08:56:31,557 - rss_aggregator - INFO - GET /web/feed/67f63d309efb47e5229f195b completed with 200 in 0.0089s - [logger.py:106]
2025-04-10 08:57:00,485 - rss_aggregator - INFO - GET /web/feed/67f63d309efb47e5229f195b completed with 200 in 0.0232s - [logger.py:106]
2025-04-10 08:57:08,718 - rss_aggregator - INFO - GET /web/feed/67f63d309efb47e5229f195b completed with 200 in 0.0097s - [logger.py:106]
2025-04-10 08:57:15,376 - rss_aggregator - INFO - GET /web/feed/67f63d309efb47e5229f195b completed with 200 in 0.0092s - [logger.py:106]
2025-04-10 08:57:15,461 - rss_aggregator - INFO - GET /web/feed/67f63d309efb47e5229f195b completed with 200 in 0.0076s - [logger.py:106]
2025-04-10 08:57:15,797 - rss_aggregator - INFO - GET /web/feed/67f63d309efb47e5229f195b completed with 200 in 0.0081s - [logger.py:106]
2025-04-10 08:57:16,036 - rss_aggregator - INFO - GET /web/feed/67f63d309efb47e5229f195b completed with 200 in 0.0100s - [logger.py:106]
2025-04-10 08:57:16,148 - rss_aggregator - INFO - GET /web/feed/67f63d309efb47e5229f195b completed with 200 in 0.0096s - [logger.py:106]
2025-04-10 08:57:16,285 - rss_aggregator - INFO - GET /web/feed/67f63d309efb47e5229f195b completed with 200 in 0.0085s - [logger.py:106]
2025-04-10 08:57:16,457 - rss_aggregator - INFO - GET /web/feed/67f63d309efb47e5229f195b completed with 200 in 0.0091s - [logger.py:106]
2025-04-10 08:57:16,585 - rss_aggregator - INFO - GET /web/feed/67f63d309efb47e5229f195b completed with 200 in 0.0143s - [logger.py:106]
2025-04-10 08:57:16,746 - rss_aggregator - INFO - GET /web/feed/67f63d309efb47e5229f195b completed with 200 in 0.0095s - [logger.py:106]
2025-04-10 08:57:16,891 - rss_aggregator - INFO - GET /web/feed/67f63d309efb47e5229f195b completed with 200 in 0.0119s - [logger.py:106]
2025-04-10 08:57:17,042 - rss_aggregator - INFO - GET /web/feed/67f63d309efb47e5229f195b completed with 200 in 0.0106s - [logger.py:106]
2025-04-10 08:57:17,155 - rss_aggregator - INFO - GET /web/feed/67f63d309efb47e5229f195b completed with 200 in 0.0049s - [logger.py:106]
2025-04-10 08:57:17,312 - rss_aggregator - INFO - GET /web/feed/67f63d309efb47e5229f195b completed with 200 in 0.0082s - [logger.py:106]
2025-04-10 08:57:23,108 - rss_aggregator - INFO - GET /web/feed/67f63d309efb47e5229f195b completed with 200 in 0.0064s - [logger.py:106]
2025-04-10 08:57:26,288 - rss_aggregator - INFO - GET /web/feed/67f63d309efb47e5229f195b completed with 200 in 0.0081s - [logger.py:106]
2025-04-10 08:57:28,635 - rss_aggregator - INFO - GET /web/feed/67f66df9f8d53746425c97cd completed with 200 in 0.0068s - [logger.py:106]
2025-04-10 08:57:38,914 - rss_aggregator - INFO - GET /web/feed/67f63d499efb47e5229f196e completed with 200 in 0.0068s - [logger.py:106]
2025-04-10 08:58:02,734 - rss_aggregator - INFO - GET /web/feed/67f63d499efb47e5229f196e completed with 200 in 0.0093s - [logger.py:106]
2025-04-10 08:58:03,390 - rss_aggregator - INFO - GET /web/feed/67f63d499efb47e5229f196e completed with 200 in 0.0115s - [logger.py:106]
2025-04-10 09:00:28,009 - rss_aggregator - INFO - GET /web/feeds completed with 200 in 0.0897s - [logger.py:106]
2025-04-10 09:00:30,277 - rss_aggregator - INFO - GET /web/feeds completed with 200 in 0.0537s - [logger.py:106]
2025-04-10 09:01:48,567 - rss_aggregator - INFO - GET /web/feeds completed with 200 in 0.0029s - [logger.py:106]
2025-04-10 09:05:25,959 - rss_aggregator - INFO - GET / completed with 200 in 0.0011s - [logger.py:106]
2025-04-10 09:05:34,216 - rss_aggregator - INFO - GET /web/feeds completed with 200 in 0.0524s - [logger.py:106]
2025-04-10 09:06:01,820 - rss_aggregator - INFO - GET /web/feeds completed with 200 in 0.0057s - [logger.py:106]
2025-04-10 09:06:37,416 - rss_aggregator - INFO - GET /web/feed/67f63d499efb47e5229f196e completed with 200 in 0.0123s - [logger.py:106]
2025-04-10 09:12:55,172 - rss_aggregator - INFO - GET /api/v1/api/v1/feeds/ completed with 200 in 0.0449s - [logger.py:106]
2025-04-10 09:13:36,547 - rss_aggregator - INFO - GET /feeds/rss completed with 404 in 0.0009s - [logger.py:106]
2025-04-10 09:13:38,693 - rss_aggregator - INFO - GET /feeds/ completed with 404 in 0.0003s - [logger.py:106]
2025-04-10 09:13:44,443 - rss_aggregator - INFO - GET /web/feeds completed with 200 in 0.0085s - [logger.py:106]
2025-04-10 09:13:46,414 - rss_aggregator - INFO - GET /web/feed/67f63d309efb47e5229f195b completed with 200 in 0.0081s - [logger.py:106]
2025-04-10 09:21:06,993 - rss_aggregator - INFO - GET /web/feeds completed with 200 in 0.0140s - [logger.py:106]
2025-04-10 09:21:07,611 - rss_aggregator - INFO - GET /web/feeds completed with 200 in 0.0030s - [logger.py:106]
2025-04-10 09:23:08,388 - rss_aggregator - INFO - GET /feed/67f63d499efb47e5229f196e completed with 404 in 0.0010s - [logger.py:106]
2025-04-10 09:23:41,800 - rss_aggregator - INFO - GET /feed/67f63d499efb47e5229f196e completed with 404 in 0.0006s - [logger.py:106]
2025-04-10 09:23:45,273 - rss_aggregator - INFO - GET /feed/67f63d499efb47e5229f196e completed with 404 in 0.0004s - [logger.py:106]
2025-04-10 09:26:49,695 - rss_aggregator - INFO - GET /web/feed/67f63d499efb47e5229f196e completed with 200 in 0.0236s - [logger.py:106]
2025-04-10 09:27:15,130 - rss_aggregator - INFO - GET /web/feed/67f63d499efb47e5229f196e completed with 200 in 0.0212s - [logger.py:106]
2025-04-10 09:27:18,278 - rss_aggregator - INFO - GET /web/feed/67f66df9f8d53746425c97cd completed with 200 in 0.0093s - [logger.py:106]
2025-04-10 09:27:26,185 - rss_aggregator - INFO - GET /web/feed/67f63d309efb47e5229f195b completed with 200 in 0.0179s - [logger.py:106]
2025-04-10 09:42:36,923 - rss_aggregator - INFO - GET /web/feed/67f63d309efb47e5229f195b completed with 200 in 0.0380s - [logger.py:106]
2025-04-10 09:42:37,801 - rss_aggregator - INFO - GET /web/feed/67f63d309efb47e5229f195b completed with 200 in 0.0098s - [logger.py:106]
2025-04-10 09:49:27,100 - rss_aggregator - INFO - GET /docs completed with 200 in 0.0003s - [logger.py:106]
2025-04-10 09:49:29,338 - rss_aggregator - INFO - GET /openapi.json completed with 200 in 0.0076s - [logger.py:106]
2025-04-10 09:49:29,496 - rss_aggregator - INFO - GET /docs completed with 200 in 0.0006s - [logger.py:106]
2025-04-10 09:49:29,692 - rss_aggregator - INFO - GET /openapi.json completed with 200 in 0.0004s - [logger.py:106]
2025-04-10 09:50:04,100 - rss_aggregator - INFO - POST /api/v1/api/v1/feeds/update/ completed with 200 in 0.0548s - [logger.py:106]
2025-04-10 09:50:32,750 - rss_aggregator - INFO - GET /web/feed/67f63d309efb47e5229f195b completed with 200 in 0.0323s - [logger.py:106]
2025-04-10 09:50:35,124 - rss_aggregator - INFO - GET /web/feed/67f63d309efb47e5229f195b completed with 200 in 0.0060s - [logger.py:106]
2025-04-10 09:50:37,591 - rss_aggregator - INFO - GET /web/feed/67f63d309efb47e5229f195b completed with 200 in 0.0106s - [logger.py:106]
2025-04-10 09:50:43,917 - rss_aggregator - INFO - GET /web/feed/67f63d309efb47e5229f195b completed with 200 in 0.0084s - [logger.py:106]
2025-04-10 09:51:13,159 - rss_aggregator - INFO - POST /api/v1/api/v1/feeds/update/ completed with 200 in 0.0136s - [logger.py:106]
2025-04-10 09:52:03,674 - rss_aggregator - INFO - POST /api/v1/api/v1/feeds/update/ completed with 200 in 0.0082s - [logger.py:106]
2025-04-10 09:55:25,804 - rss_aggregator - INFO - GET /docs completed with 200 in 0.0014s - [logger.py:106]
2025-04-10 09:55:28,068 - rss_aggregator - INFO - GET /openapi.json completed with 200 in 0.0014s - [logger.py:106]
2025-04-10 09:55:43,525 - rss_aggregator - INFO - GET /docs completed with 200 in 0.0007s - [logger.py:106]
2025-04-10 09:55:43,597 - rss_aggregator - INFO - GET /openapi.json completed with 200 in 0.0002s - [logger.py:106]
2025-04-10 09:55:56,242 - rss_aggregator - INFO - GET /docs completed with 200 in 0.0008s - [logger.py:106]
2025-04-10 09:56:02,129 - rss_aggregator - INFO - GET /docs completed with 200 in 0.0008s - [logger.py:106]
2025-04-10 09:56:02,207 - rss_aggregator - INFO - GET /openapi.json completed with 200 in 0.0021s - [logger.py:106]
2025-04-10 09:56:42,288 - rss_aggregator - INFO - GET /api/v1/api/v1/feeds/ completed with 404 in 0.0004s - [logger.py:106]
2025-04-10 09:56:48,417 - rss_aggregator - INFO - GET /docs completed with 200 in 0.0008s - [logger.py:106]
2025-04-10 09:56:48,513 - rss_aggregator - INFO - GET /openapi.json completed with 200 in 0.0107s - [logger.py:106]
2025-04-10 09:57:00,510 - rss_aggregator - INFO - GET /web/feed/https://www.omgubuntu.co.uk/feed completed with 404 in 0.0002s - [logger.py:106]
2025-04-10 09:57:09,350 - rss_aggregator - INFO - GET /web/feed/https://www.omgubuntu.co.uk/feed completed with 404 in 0.0006s - [logger.py:106]
2025-04-10 09:57:16,649 - rss_aggregator - INFO - GET /docs completed with 200 in 0.0003s - [logger.py:106]
2025-04-10 09:57:16,735 - rss_aggregator - INFO - GET /openapi.json completed with 200 in 0.0004s - [logger.py:106]
2025-04-10 09:57:28,257 - rss_aggregator - INFO - POST /api/v1/api/v1/feeds/ completed with 200 in 0.0461s - [logger.py:106]
2025-04-10 09:58:55,959 - rss_aggregator - INFO - GET /docs completed with 200 in 0.0009s - [logger.py:106]
2025-04-10 09:58:58,352 - rss_aggregator - INFO - GET /openapi.json completed with 200 in 0.0061s - [logger.py:106]
2025-04-10 09:59:07,801 - rss_aggregator - INFO - POST /api/v1/api/v1/feeds/update/ completed with 200 in 0.1330s - [logger.py:106]
2025-04-10 09:59:24,381 - rss_aggregator - INFO - POST /api/v1/api/v1/feeds/update/ completed with 200 in 0.1201s - [logger.py:106]
2025-04-10 10:00:02,697 - rss_aggregator - INFO - GET /api/v1/api/v1/feeds/update/ completed with 405 in 0.0004s - [logger.py:106]
2025-04-10 10:00:11,514 - rss_aggregator - INFO - POST /api/v1/api/v1/feeds/update/ completed with 200 in 0.1015s - [logger.py:106]
2025-04-10 10:00:15,205 - rss_aggregator - INFO - GET /api/v1/api/v1/feeds/update/ completed with 405 in 0.0003s - [logger.py:106]
2025-04-10 10:00:23,021 - rss_aggregator - INFO - GET /api/v1/api/v1/feeds/update/ completed with 405 in 0.0004s - [logger.py:106]
2025-04-10 10:00:31,164 - rss_aggregator - INFO - GET /docs completed with 200 in 0.0003s - [logger.py:106]
2025-04-10 10:00:31,253 - rss_aggregator - INFO - GET /openapi.json completed with 200 in 0.0004s - [logger.py:106]
2025-04-10 10:01:22,812 - rss_aggregator - INFO - POST /api/v1/api/v1/feeds/ completed with 200 in 0.0016s - [logger.py:106]
2025-04-10 10:01:26,556 - rss_aggregator - INFO - GET /api/v1/api/v1/feeds/ completed with 200 in 0.0023s - [logger.py:106]
2025-04-10 10:01:39,659 - rss_aggregator - INFO - POST /api/v1/api/v1/feeds/update/ completed with 200 in 0.0880s - [logger.py:106]
2025-04-10 10:01:44,751 - rss_aggregator - INFO - GET /api/v1/api/v1/feeds/update/ completed with 405 in 0.0003s - [logger.py:106]
2025-04-10 10:03:08,263 - rss_aggregator - INFO - POST /api/v1/api/v1/feeds/update/ completed with 200 in 0.1008s - [logger.py:106]
2025-04-10 10:03:12,140 - rss_aggregator - INFO - GET /api/v1/api/v1/feeds/update/ completed with 200 in 0.1173s - [logger.py:106]
2025-04-10 10:03:41,635 - rss_aggregator - INFO - GET /docs completed with 200 in 0.0010s - [logger.py:106]
2025-04-10 10:03:41,786 - rss_aggregator - INFO - GET /openapi.json completed with 200 in 0.0081s - [logger.py:106]
2025-04-10 10:03:50,379 - rss_aggregator - INFO - GET /docs completed with 200 in 0.0004s - [logger.py:106]
2025-04-10 10:03:50,435 - rss_aggregator - INFO - GET /openapi.json completed with 200 in 0.0005s - [logger.py:106]
2025-04-10 10:04:12,009 - rss_aggregator - INFO - GET /api/v1/api/v1/feeds/update/ completed with 200 in 0.0922s - [logger.py:106]
2025-04-10 10:06:47,155 - rss_aggregator - INFO - GET /docs completed with 200 in 0.0009s - [logger.py:106]
2025-04-10 10:06:47,329 - rss_aggregator - INFO - GET /openapi.json completed with 200 in 0.0004s - [logger.py:106]
2025-04-10 10:06:50,338 - rss_aggregator - INFO - GET / completed with 200 in 0.0007s - [logger.py:106]
2025-04-10 10:06:53,693 - rss_aggregator - INFO - GET /web/feeds completed with 200 in 0.0077s - [logger.py:106]
2025-04-10 10:06:55,543 - rss_aggregator - INFO - GET /web/feed/67f63d309efb47e5229f195b completed with 200 in 0.0103s - [logger.py:106]
2025-04-10 10:10:45,674 - rss_aggregator - INFO - GET /web/feeds completed with 200 in 0.0050s - [logger.py:106]
2025-04-10 10:11:21,761 - rss_aggregator - INFO - GET /api/v1/api/v1/feeds/update/ completed with 400 in 0.7586s - [logger.py:106]
2025-04-10 10:11:38,520 - rss_aggregator - INFO - GET /docs completed with 200 in 0.0003s - [logger.py:106]
2025-04-10 10:11:38,692 - rss_aggregator - INFO - GET /openapi.json completed with 200 in 0.0004s - [logger.py:106]
2025-04-10 10:11:55,195 - rss_aggregator - INFO - GET /api/v1/api/v1/feeds/update/ completed with 400 in 0.9650s - [logger.py:106]
2025-04-10 10:12:03,067 - rss_aggregator - INFO - POST /api/v1/api/v1/feeds/ completed with 200 in 0.9327s - [logger.py:106]
2025-04-10 10:12:11,983 - rss_aggregator - INFO - GET /api/v1/api/v1/feeds/update/ completed with 200 in 0.8644s - [logger.py:106]
2025-04-10 10:21:04,807 - rss_aggregator - INFO - GET /web/feed/67f63d309efb47e5229f195b completed with 200 in 0.0143s - [logger.py:106]
2025-04-10 10:21:29,025 - rss_aggregator - INFO - GET /web/feed/67f66df9f8d53746425c97cd completed with 404 in 0.0016s - [logger.py:106]
2025-04-10 10:22:06,852 - rss_aggregator - INFO - GET /web/feed/67f66df9f8d53746425c97cd completed with 404 in 0.0043s - [logger.py:106]
2025-04-10 10:34:27,515 - rss_aggregator - INFO - GET /api/v1/api/v1/feeds/update/ completed with 200 in 0.1244s - [logger.py:106]
2025-04-10 10:34:28,413 - rss_aggregator - INFO - GET /api/v1/api/v1/feeds/update/ completed with 200 in 0.0939s - [logger.py:106]
2025-04-10 10:34:29,414 - rss_aggregator - INFO - GET /api/v1/api/v1/feeds/update/ completed with 200 in 0.1199s - [logger.py:106]
2025-04-10 10:34:30,502 - rss_aggregator - INFO - GET /api/v1/api/v1/feeds/update/ completed with 200 in 0.0849s - [logger.py:106]
2025-04-10 10:41:04,954 - rss_aggregator - INFO - GET /api/v1/api/v1/feeds/update/ completed with 200 in 0.1602s - [logger.py:106]
2025-04-10 10:41:06,216 - rss_aggregator - INFO - GET /api/v1/api/v1/feeds/update/ completed with 200 in 0.1104s - [logger.py:106]
2025-04-10 10:41:26,060 - rss_aggregator - INFO - GET /api/v1/api/v1/feeds/update/ completed with 200 in 0.1002s - [logger.py:106]
2025-04-10 10:41:28,924 - rss_aggregator - INFO - GET /api/v1/api/v1/feeds/update/ completed with 200 in 0.0780s - [logger.py:106]
2025-04-10 10:41:29,561 - rss_aggregator - INFO - GET /api/v1/api/v1/feeds/update/ completed with 200 in 0.1033s - [logger.py:106]
2025-04-10 10:41:30,035 - rss_aggregator - INFO - GET /api/v1/api/v1/feeds/update/ completed with 200 in 0.0967s - [logger.py:106]
2025-04-10 10:41:30,298 - rss_aggregator - INFO - GET /api/v1/api/v1/feeds/update/ completed with 200 in 0.0855s - [logger.py:106]
2025-04-10 10:41:30,446 - rss_aggregator - INFO - GET /api/v1/api/v1/feeds/update/ completed with 200 in 0.0897s - [logger.py:106]
2025-04-10 10:41:30,596 - rss_aggregator - INFO - GET /api/v1/api/v1/feeds/update/ completed with 200 in 0.0802s - [logger.py:106]
2025-04-10 10:41:30,759 - rss_aggregator - INFO - GET /api/v1/api/v1/feeds/update/ completed with 200 in 0.0940s - [logger.py:106]
2025-04-10 10:41:30,888 - rss_aggregator - INFO - GET /api/v1/api/v1/feeds/update/ completed with 200 in 0.0819s - [logger.py:106]
2025-04-10 10:41:42,792 - rss_aggregator - INFO - GET /api/v1/api/v1/feeds/update/ completed with 400 in 0.2575s - [logger.py:106]
2025-04-10 10:42:46,674 - rss_aggregator - INFO - GET /web/feed/67f66df9f8d53746425c97cd completed with 404 in 0.0012s - [logger.py:106]
2025-04-10 10:43:21,156 - rss_aggregator - INFO - GET /web/feed/67f63d309efb47e5229f195b completed with 200 in 0.0071s - [logger.py:106]
2025-04-10 10:56:57,133 - rss_aggregator - INFO - GET /api/v1/api/v1/feeds/update/ completed with 400 in 0.1876s - [logger.py:106]
2025-04-10 11:01:42,068 - rss_aggregator - INFO - POST /api/v1/api/v1/feeds/ completed with 200 in 0.1557s - [logger.py:106]
2025-04-10 11:02:04,093 - rss_aggregator - INFO - GET /docs completed with 200 in 0.0013s - [logger.py:106]
2025-04-10 11:02:04,307 - rss_aggregator - INFO - GET /openapi.json completed with 200 in 0.0094s - [logger.py:106]
2025-04-10 11:02:48,423 - rss_aggregator - INFO - GET /docs completed with 200 in 0.0019s - [logger.py:106]
2025-04-10 11:02:48,537 - rss_aggregator - INFO - GET /openapi.json completed with 200 in 0.0087s - [logger.py:106]
2025-04-10 11:02:51,978 - rss_aggregator - INFO - POST /api/v1/api/v1/feeds/ completed with 200 in 0.1856s - [logger.py:106]
2025-04-10 11:04:25,094 - rss_aggregator - INFO - POST /api/v1/api/v1/feeds/ completed with 200 in 0.1586s - [logger.py:106]
2025-04-10 11:04:35,857 - rss_aggregator - INFO - GET /docs completed with 200 in 0.0017s - [logger.py:106]
2025-04-10 11:04:35,980 - rss_aggregator - INFO - GET /openapi.json completed with 200 in 0.0096s - [logger.py:106]
2025-04-10 11:05:41,632 - rss_aggregator - INFO - GET /docs completed with 200 in 0.0009s - [logger.py:106]
2025-04-10 11:05:44,232 - rss_aggregator - INFO - GET /openapi.json completed with 200 in 0.0062s - [logger.py:106]
2025-04-10 11:06:41,456 - rss_aggregator - INFO - GET /docs completed with 200 in 0.0010s - [logger.py:106]
2025-04-10 11:06:41,587 - rss_aggregator - INFO - GET /openapi.json completed with 200 in 0.0087s - [logger.py:106]
2025-04-10 11:07:18,631 - rss_aggregator - INFO - POST /api/v1/api/v1/feeds/ completed with 200 in 0.1971s - [logger.py:106]
2025-04-10 11:09:11,180 - rss_aggregator - INFO - GET /web/feeds completed with 200 in 0.0153s - [logger.py:106]
2025-04-10 11:09:12,583 - rss_aggregator - INFO - GET /web/feeds completed with 200 in 0.0023s - [logger.py:106]
2025-04-10 11:09:14,640 - rss_aggregator - INFO - GET /web/feed/67f77d53739dd7d8d868afce completed with 200 in 0.0130s - [logger.py:106]
2025-04-10 11:09:17,517 - rss_aggregator - INFO - GET /web/feed/67f78a46f0f4c6531b5a6ee7 completed with 200 in 0.0077s - [logger.py:106]
2025-04-10 11:09:19,553 - rss_aggregator - INFO - GET /web/feed/67f63d309efb47e5229f195b completed with 200 in 0.0065s - [logger.py:106]
2025-04-10 11:18:34,316 - rss_aggregator - INFO - GET /api/v1/api/v1/feeds/update/ completed with 400 in 0.1604s - [logger.py:106]
2025-04-10 11:47:29,410 - rss_aggregator - INFO - GET /web/feeds completed with 200 in 0.0483s - [logger.py:106]
2025-04-10 11:47:31,937 - rss_aggregator - INFO - GET /web/feed/67f78a46f0f4c6531b5a6ee7 completed with 200 in 0.0104s - [logger.py:106]
2025-04-10 11:47:36,251 - rss_aggregator - INFO - GET /web/feed/67f77d53739dd7d8d868afce completed with 200 in 0.0075s - [logger.py:106]
2025-04-10 11:47:38,607 - rss_aggregator - INFO - GET /web/feed/67f63d309efb47e5229f195b completed with 200 in 0.0074s - [logger.py:106]
2025-04-10 11:50:50,665 - rss_aggregator - INFO - GET /web/feed/67f78a46f0f4c6531b5a6ee7 completed with 200 in 0.0229s - [logger.py:106]
2025-04-10 11:51:02,839 - rss_aggregator - INFO - POST /api/v1/api/v1/feeds/ completed with 200 in 0.0027s - [logger.py:106]
2025-04-10 11:53:08,740 - rss_aggregator - INFO - GET /web/feed/67f63d309efb47e5229f195b completed with 200 in 0.0191s - [logger.py:106]
2025-04-10 11:53:10,819 - rss_aggregator - INFO - GET /web/feed/67f77d53739dd7d8d868afce completed with 200 in 0.0505s - [logger.py:106]
2025-04-10 11:53:29,014 - rss_aggregator - INFO - GET /web/feeds completed with 200 in 0.0085s - [logger.py:106]
2025-04-10 11:59:46,226 - rss_aggregator - INFO - GET /feeds completed with 404 in 0.0027s - [logger.py:106]
2025-04-10 12:00:00,378 - rss_aggregator - INFO - GET /web/feeds completed with 200 in 0.0447s - [logger.py:106]
2025-04-10 12:00:41,744 - rss_aggregator - INFO - GET /feeds completed with 404 in 0.0003s - [logger.py:106]
2025-04-10 12:01:25,403 - rss_aggregator - INFO - GET //feeds completed with 404 in 0.0008s - [logger.py:106]
2025-04-10 12:01:26,959 - rss_aggregator - INFO - GET //feeds completed with 404 in 0.0006s - [logger.py:106]
2025-04-10 12:01:30,120 - rss_aggregator - INFO - GET /feeds/rss completed with 404 in 0.0004s - [logger.py:106]
2025-04-10 12:01:31,695 - rss_aggregator - INFO - GET /feeds/ completed with 200 in 0.0440s - [logger.py:106]
2025-04-10 12:02:54,370 - rss_aggregator - INFO - GET /feeds/ completed with 200 in 0.0135s - [logger.py:106]
2025-04-10 12:02:54,553 - rss_aggregator - INFO - GET /feeds/ completed with 200 in 0.0038s - [logger.py:106]
2025-04-10 12:02:55,094 - rss_aggregator - INFO - GET /feeds/ completed with 200 in 0.0033s - [logger.py:106]
2025-04-10 12:02:55,475 - rss_aggregator - INFO - GET /feeds/ completed with 200 in 0.0030s - [logger.py:106]
2025-04-10 12:02:55,636 - rss_aggregator - INFO - GET /feeds/ completed with 200 in 0.0026s - [logger.py:106]
2025-04-10 12:02:55,795 - rss_aggregator - INFO - GET /feeds/ completed with 200 in 0.0037s - [logger.py:106]
2025-04-10 12:02:55,919 - rss_aggregator - INFO - GET /feeds/ completed with 200 in 0.0024s - [logger.py:106]
2025-04-10 12:02:56,062 - rss_aggregator - INFO - GET /feeds/ completed with 200 in 0.0025s - [logger.py:106]
2025-04-10 12:02:56,246 - rss_aggregator - INFO - GET /feeds/ completed with 200 in 0.0046s - [logger.py:106]
2025-04-10 12:02:56,455 - rss_aggregator - INFO - GET /feeds/ completed with 200 in 0.0040s - [logger.py:106]
2025-04-10 12:03:19,276 - rss_aggregator - INFO - GET /feeds/ completed with 200 in 0.0023s - [logger.py:106]
2025-04-10 12:03:20,129 - rss_aggregator - INFO - GET /feeds/ completed with 200 in 0.0015s - [logger.py:106]
2025-04-10 12:03:20,590 - rss_aggregator - INFO - GET /feeds/ completed with 200 in 0.0021s - [logger.py:106]
2025-04-10 12:03:20,827 - rss_aggregator - INFO - GET /feeds/ completed with 200 in 0.0033s - [logger.py:106]
2025-04-10 12:03:20,953 - rss_aggregator - INFO - GET /feeds/ completed with 200 in 0.0017s - [logger.py:106]
2025-04-10 12:03:52,032 - rss_aggregator - INFO - GET /feeds/ completed with 200 in 0.0037s - [logger.py:106]
2025-04-10 12:03:53,070 - rss_aggregator - INFO - GET /feeds/ completed with 200 in 0.0040s - [logger.py:106]
2025-04-10 12:03:57,072 - rss_aggregator - INFO - GET /feed/67f78a46f0f4c6531b5a6ee7 completed with 404 in 0.0005s - [logger.py:106]
2025-04-10 12:04:15,002 - rss_aggregator - INFO - GET /feeds/ completed with 200 in 0.0027s - [logger.py:106]
2025-04-10 12:04:17,417 - rss_aggregator - INFO - GET /feeds/ completed with 200 in 0.0427s - [logger.py:106]
2025-04-10 12:04:17,645 - rss_aggregator - INFO - GET /feed/67f78a46f0f4c6531b5a6ee7 completed with 404 in 0.0004s - [logger.py:106]
2025-04-10 12:04:24,426 - rss_aggregator - INFO - GET /feed/67f78a46f0f4c6531b5a6ee7 completed with 404 in 0.0005s - [logger.py:106]
2025-04-10 12:04:28,251 - rss_aggregator - INFO - GET /web/feed/67f78a46f0f4c6531b5a6ee7 completed with 404 in 0.0005s - [logger.py:106]
2025-04-10 12:05:30,289 - rss_aggregator - INFO - GET /feeds/ completed with 200 in 0.0019s - [logger.py:106]
2025-04-10 12:05:30,816 - rss_aggregator - INFO - GET /feeds/ completed with 200 in 0.0026s - [logger.py:106]
2025-04-10 12:05:37,562 - rss_aggregator - INFO - GET /feed/67f77d53739dd7d8d868afce completed with 404 in 0.0009s - [logger.py:106]
2025-04-10 12:06:00,404 - rss_aggregator - INFO - GET /feeds/ completed with 200 in 0.0074s - [logger.py:106]
2025-04-10 12:06:02,014 - rss_aggregator - INFO - GET /feed/67f78a46f0f4c6531b5a6ee7 completed with 404 in 0.0005s - [logger.py:106]
2025-04-10 12:06:58,219 - rss_aggregator - INFO - GET /feeds/feed/67f78a46f0f4c6531b5a6ee7 completed with 404 in 0.0007s - [logger.py:106]
2025-04-10 12:06:58,588 - rss_aggregator - INFO - GET /feeds/ completed with 404 in 0.0004s - [logger.py:106]
2025-04-10 12:07:02,750 - rss_aggregator - INFO - GET /web/ completed with 404 in 0.0004s - [logger.py:106]
2025-04-10 12:07:06,740 - rss_aggregator - INFO - GET /web/feeds completed with 200 in 0.0370s - [logger.py:106]
2025-04-10 12:07:08,787 - rss_aggregator - INFO - GET /web/feeds completed with 200 in 0.0026s - [logger.py:106]
2025-04-10 12:07:28,570 - rss_aggregator - INFO - GET /web/feeds completed with 200 in 0.0029s - [logger.py:106]
2025-04-10 12:07:29,110 - rss_aggregator - INFO - GET /web/feeds completed with 200 in 0.0033s - [logger.py:106]
2025-04-10 12:07:38,848 - rss_aggregator - INFO - GET /web/feeds completed with 200 in 0.0135s - [logger.py:106]
2025-04-10 12:07:39,494 - rss_aggregator - INFO - GET /web/feeds completed with 200 in 0.0037s - [logger.py:106]
2025-04-10 12:07:52,512 - rss_aggregator - INFO - GET /web/feeds completed with 200 in 0.0033s - [logger.py:106]
2025-04-10 12:08:47,726 - rss_aggregator - INFO - GET /web/feeds completed with 200 in 0.0072s - [logger.py:106]
2025-04-10 12:09:00,185 - rss_aggregator - INFO - GET /web/feeds completed with 200 in 0.0120s - [logger.py:106]
2025-04-10 12:09:24,086 - rss_aggregator - INFO - GET /web/feeds completed with 200 in 0.0082s - [logger.py:106]
2025-04-10 12:09:35,223 - rss_aggregator - INFO - GET /web/feed/67f78a46f0f4c6531b5a6ee7 completed with 200 in 0.0213s - [logger.py:106]
2025-04-10 12:09:45,439 - rss_aggregator - INFO - GET /web/feeds completed with 200 in 0.0036s - [logger.py:106]
2025-04-10 12:09:46,959 - rss_aggregator - INFO - GET /web/feed/67f78a46f0f4c6531b5a6ee7 completed with 200 in 0.0025s - [logger.py:106]
2025-04-10 12:09:47,461 - rss_aggregator - INFO - GET /web/feed/67f78a46f0f4c6531b5a6ee7 completed with 200 in 0.0042s - [logger.py:106]
2025-04-10 12:10:18,623 - rss_aggregator - INFO - GET /web/feed/67f78a46f0f4c6531b5a6ee7 completed with 200 in 0.0027s - [logger.py:106]
2025-04-10 12:10:19,181 - rss_aggregator - INFO - GET /web/feed/67f78a46f0f4c6531b5a6ee7 completed with 200 in 0.0039s - [logger.py:106]
2025-04-10 12:10:19,854 - rss_aggregator - INFO - GET /web/feed/67f78a46f0f4c6531b5a6ee7 completed with 200 in 0.0064s - [logger.py:106]
2025-04-10 12:10:42,044 - rss_aggregator - INFO - GET /web/feed/67f78a46f0f4c6531b5a6ee7 completed with 200 in 0.0055s - [logger.py:106]
2025-04-10 12:10:45,184 - rss_aggregator - INFO - GET /web/feed/67f63d309efb47e5229f195b completed with 200 in 0.0035s - [logger.py:106]
2025-04-10 12:10:46,232 - rss_aggregator - INFO - GET /web/feed/67f63d309efb47e5229f195b completed with 200 in 0.0043s - [logger.py:106]
2025-04-10 12:10:53,789 - rss_aggregator - INFO - POST /api/v1/api/v1/feeds/ completed with 200 in 0.0062s - [logger.py:106]
2025-04-10 12:10:56,264 - rss_aggregator - INFO - GET /feed/67f78a46f0f4c6531b5a6ee7 completed with 404 in 0.0010s - [logger.py:106]
2025-04-10 12:10:57,447 - rss_aggregator - INFO - GET /web/feeds completed with 200 in 0.0029s - [logger.py:106]
2025-04-10 12:10:58,299 - rss_aggregator - INFO - GET /web/feed/67f78a46f0f4c6531b5a6ee7 completed with 200 in 0.0023s - [logger.py:106]
2025-04-10 12:10:59,025 - rss_aggregator - INFO - GET /web/feed/67f78a46f0f4c6531b5a6ee7 completed with 200 in 0.0056s - [logger.py:106]
2025-04-10 12:10:59,517 - rss_aggregator - INFO - GET /web/feed/67f78a46f0f4c6531b5a6ee7 completed with 200 in 0.0062s - [logger.py:106]
2025-04-10 12:10:59,857 - rss_aggregator - INFO - GET /web/feed/67f78a46f0f4c6531b5a6ee7 completed with 200 in 0.0062s - [logger.py:106]
2025-04-10 12:11:00,186 - rss_aggregator - INFO - GET /web/feed/67f78a46f0f4c6531b5a6ee7 completed with 200 in 0.0038s - [logger.py:106]
2025-04-10 12:11:18,031 - rss_aggregator - INFO - GET /api/v1/api/v1/feeds/update/ completed with 200 in 0.1365s - [logger.py:106]
2025-04-10 12:11:25,040 - rss_aggregator - INFO - GET /web/feeds completed with 200 in 0.0032s - [logger.py:106]
2025-04-10 12:11:25,821 - rss_aggregator - INFO - GET /web/feed/67f78a46f0f4c6531b5a6ee7 completed with 200 in 0.0105s - [logger.py:106]
2025-04-10 12:12:27,625 - rss_aggregator - INFO - GET //feed/67f78a46f0f4c6531b5a6ee7 completed with 404 in 0.0008s - [logger.py:106]
2025-04-10 12:12:31,081 - rss_aggregator - INFO - GET /feed/67f78a46f0f4c6531b5a6ee7 completed with 404 in 0.0008s - [logger.py:106]
2025-04-10 12:12:39,385 - rss_aggregator - INFO - GET /feeds/ completed with 404 in 0.0005s - [logger.py:106]
2025-04-10 12:13:01,162 - rss_aggregator - INFO - GET /feeds/ completed with 404 in 0.0004s - [logger.py:106]
2025-04-10 12:13:03,599 - rss_aggregator - INFO - GET /feeds/ completed with 200 in 0.0138s - [logger.py:106]
2025-04-10 12:13:15,165 - rss_aggregator - INFO - GET /feeds/ completed with 200 in 0.0054s - [logger.py:106]
2025-04-10 12:13:32,789 - rss_aggregator - INFO - GET /feeds/ completed with 307 in 0.0007s - [logger.py:106]
2025-04-10 12:13:32,827 - rss_aggregator - INFO - GET /feeds completed with 200 in 0.0344s - [logger.py:106]
2025-04-10 12:13:34,160 - rss_aggregator - INFO - GET /feeds completed with 200 in 0.0044s - [logger.py:106]
2025-04-10 12:13:34,740 - rss_aggregator - INFO - GET /feeds completed with 200 in 0.0034s - [logger.py:106]
2025-04-10 12:13:38,690 - rss_aggregator - INFO - GET /feeds completed with 200 in 0.0028s - [logger.py:106]
2025-04-10 12:13:42,408 - rss_aggregator - INFO - GET /web/feed/67f63d309efb47e5229f195b completed with 404 in 0.0004s - [logger.py:106]
2025-04-10 12:13:46,505 - rss_aggregator - INFO - GET /feed/67f63d309efb47e5229f195b completed with 200 in 0.0096s - [logger.py:106]
2025-04-10 12:13:47,335 - rss_aggregator - INFO - GET /feed/67f63d309efb47e5229f195b completed with 200 in 0.0085s - [logger.py:106]
2025-04-10 12:13:47,684 - rss_aggregator - INFO - GET /feed/67f63d309efb47e5229f195b completed with 200 in 0.0035s - [logger.py:106]
2025-04-10 12:13:52,470 - rss_aggregator - INFO - GET /web/feed/67f78a46f0f4c6531b5a6ee7 completed with 404 in 0.0003s - [logger.py:106]
2025-04-10 12:13:55,845 - rss_aggregator - INFO - GET //feed/67f78a46f0f4c6531b5a6ee7 completed with 404 in 0.0003s - [logger.py:106]
2025-04-10 12:13:58,980 - rss_aggregator - INFO - GET /feed/67f78a46f0f4c6531b5a6ee7 completed with 200 in 0.0089s - [logger.py:106]
2025-04-10 12:14:59,653 - rss_aggregator - INFO - GET /feed/67f78a46f0f4c6531b5a6ee7 completed with 200 in 0.0297s - [logger.py:106]
2025-04-10 12:15:01,694 - rss_aggregator - INFO - GET /feed/67f78a46f0f4c6531b5a6ee7 completed with 200 in 0.0761s - [logger.py:106]
2025-04-10 12:15:04,180 - rss_aggregator - INFO - GET /feeds/ completed with 307 in 0.0003s - [logger.py:106]
2025-04-10 12:15:04,192 - rss_aggregator - INFO - GET /feeds completed with 200 in 0.0039s - [logger.py:106]
2025-04-10 12:15:06,627 - rss_aggregator - INFO - GET /web/feed/67f78a46f0f4c6531b5a6ee7 completed with 404 in 0.0005s - [logger.py:106]
2025-04-10 12:15:09,376 - rss_aggregator - INFO - GET /feed/67f78a46f0f4c6531b5a6ee7 completed with 200 in 0.0100s - [logger.py:106]
2025-04-10 12:15:22,650 - rss_aggregator - INFO - GET /feed/67f78a46f0f4c6531b5a6ee7 completed with 200 in 0.0152s - [logger.py:106]
2025-04-10 12:15:24,669 - rss_aggregator - INFO - GET /feeds completed with 200 in 0.0109s - [logger.py:106]
2025-04-10 12:15:27,009 - rss_aggregator - INFO - GET /feed/67f78a46f0f4c6531b5a6ee7 completed with 200 in 0.0096s - [logger.py:106]
2025-04-10 12:15:29,669 - rss_aggregator - INFO - GET /feed/67f77d53739dd7d8d868afce completed with 200 in 0.0032s - [logger.py:106]
2025-04-10 12:22:06,215 - rss_aggregator - INFO - GET /feeds completed with 200 in 0.0370s - [logger.py:106]
2025-04-10 12:22:12,131 - rss_aggregator - INFO - GET /all-news completed with 500 in 0.0005s - [logger.py:106]
2025-04-10 12:24:17,163 - rss_aggregator - INFO - GET /all-news completed with 200 in 0.0372s - [logger.py:106]
2025-04-10 12:28:24,075 - rss_aggregator - INFO - GET /all-news completed with 404 in 0.0003s - [logger.py:106]
2025-04-10 12:29:51,490 - rss_aggregator - INFO - GET /all-news completed with 404 in 0.0006s - [logger.py:106]
2025-04-10 12:29:54,611 - rss_aggregator - INFO - GET / completed with 200 in 0.0004s - [logger.py:106]
2025-04-10 12:30:00,391 - rss_aggregator - INFO - GET / completed with 200 in 0.0012s - [logger.py:106]
2025-04-10 12:30:00,957 - rss_aggregator - INFO - GET / completed with 200 in 0.0006s - [logger.py:106]
2025-04-10 12:30:37,803 - rss_aggregator - INFO - GET / completed with 200 in 0.0006s - [logger.py:106]
2025-04-10 12:30:40,147 - rss_aggregator - INFO - GET /e completed with 404 in 0.0005s - [logger.py:106]
2025-04-10 12:30:44,647 - rss_aggregator - INFO - GET / completed with 200 in 0.0010s - [logger.py:106]
2025-04-10 12:30:56,058 - rss_aggregator - INFO - GET / completed with 200 in 0.0011s - [logger.py:106]
2025-04-10 12:30:59,210 - rss_aggregator - INFO - GET / completed with 200 in 0.0003s - [logger.py:106]
2025-04-10 12:31:03,402 - rss_aggregator - INFO - GET / completed with 200 in 0.0005s - [logger.py:106]
2025-04-10 12:32:13,434 - rss_aggregator - INFO - GET / completed with 200 in 0.0011s - [logger.py:106]
2025-04-10 12:32:15,195 - rss_aggregator - INFO - GET / completed with 200 in 0.0435s - [logger.py:106]
2025-04-10 12:32:15,867 - rss_aggregator - INFO - GET / completed with 200 in 0.0116s - [logger.py:106]
2025-04-10 12:32:24,781 - rss_aggregator - INFO - GET /feed/67f63d309efb47e5229f195b completed with 200 in 0.0199s - [logger.py:106]
2025-04-10 12:32:27,413 - rss_aggregator - INFO - GET /feed/67f77d53739dd7d8d868afce completed with 200 in 0.0040s - [logger.py:106]
2025-04-10 12:32:29,005 - rss_aggregator - INFO - GET /feed/67f78a46f0f4c6531b5a6ee7 completed with 200 in 0.0090s - [logger.py:106]
2025-04-10 12:32:56,253 - rss_aggregator - INFO - GET /feed/67f63d309efb47e5229f195b completed with 200 in 0.0035s - [logger.py:106]
2025-04-10 12:33:15,112 - rss_aggregator - INFO - GET / completed with 200 in 0.0093s - [logger.py:106]
2025-04-10 12:33:28,960 - rss_aggregator - INFO - GET / completed with 200 in 0.0061s - [logger.py:106]
2025-04-10 12:33:30,044 - rss_aggregator - INFO - GET / completed with 200 in 0.0034s - [logger.py:106]
2025-04-10 12:34:13,582 - rss_aggregator - INFO - GET / completed with 200 in 0.0112s - [logger.py:106]
2025-04-10 12:34:15,899 - rss_aggregator - INFO - GET / completed with 200 in 0.0442s - [logger.py:106]
2025-04-10 12:34:15,902 - rss_aggregator - INFO - GET / completed with 200 in 0.0470s - [logger.py:106]
2025-04-10 12:34:15,905 - rss_aggregator - INFO - GET / completed with 200 in 0.0508s - [logger.py:106]
2025-04-10 12:34:15,906 - rss_aggregator - INFO - GET / completed with 200 in 0.0511s - [logger.py:106]
2025-04-10 12:34:16,054 - rss_aggregator - INFO - GET / completed with 200 in 0.0118s - [logger.py:106]
2025-04-10 12:36:15,528 - rss_aggregator - INFO - GET /api/v1/api/v1/feeds/update/ completed with 200 in 0.1228s - [logger.py:106]
2025-04-10 13:13:32,205 - rss_aggregator - INFO - GET /feed/67f78a46f0f4c6531b5a6ee7 completed with 200 in 0.0209s - [logger.py:106]
2025-04-10 13:13:39,389 - rss_aggregator - INFO - GET / completed with 200 in 0.0072s - [logger.py:106]
2025-04-10 13:13:43,941 - rss_aggregator - INFO - GET / completed with 200 in 0.0036s - [logger.py:106]
2025-04-10 13:14:05,959 - rss_aggregator - INFO - GET / completed with 200 in 0.0128s - [logger.py:106]
2025-04-10 13:14:06,946 - rss_aggregator - INFO - GET / completed with 200 in 0.0058s - [logger.py:106]
2025-04-10 13:14:07,584 - rss_aggregator - INFO - GET / completed with 200 in 0.0063s - [logger.py:106]
2025-04-10 13:14:28,328 - rss_aggregator - INFO - GET / completed with 200 in 0.0056s - [logger.py:106]
2025-04-10 13:14:29,046 - rss_aggregator - INFO - GET / completed with 200 in 0.0060s - [logger.py:106]
2025-04-10 13:15:42,910 - rss_aggregator - INFO - GET / completed with 200 in 0.0133s - [logger.py:106]
